<?xml version="1.0" encoding="UTF-8"?>
<testng-results skipped="0" failed="0" total="48" passed="48">
  <reporter-output>
  </reporter-output>
  <suite name="Command line suite" duration-ms="1655" started-at="2014-05-07T06:42:09Z" finished-at="2014-05-07T06:42:10Z">
    <groups>
    </groups>
    <test name="Command line test" duration-ms="1655" started-at="2014-05-07T06:42:09Z" finished-at="2014-05-07T06:42:10Z">
      <class name="com.facebook.presto.sql.parser.TestStatementBuilder">
        <test-method status="PASS" signature="testStatementBuilder()[pri:0, instance:com.facebook.presto.sql.parser.TestStatementBuilder@7d365e01]" name="testStatementBuilder" duration-ms="134" started-at="2014-05-07T06:42:10Z" finished-at="2014-05-07T06:42:10Z">
          <reporter-output>
          </reporter-output>
        </test-method> <!-- testStatementBuilder -->
        <test-method status="PASS" signature="testStatementBuilderTpch()[pri:0, instance:com.facebook.presto.sql.parser.TestStatementBuilder@7d365e01]" name="testStatementBuilderTpch" duration-ms="717" started-at="2014-05-07T06:42:10Z" finished-at="2014-05-07T06:42:10Z">
          <reporter-output>
          </reporter-output>
        </test-method> <!-- testStatementBuilderTpch -->
      </class> <!-- com.facebook.presto.sql.parser.TestStatementBuilder -->
      <class name="com.facebook.presto.sql.parser.TestSqlParser">
        <test-method status="PASS" signature="testCurrentTimestamp()[pri:0, instance:com.facebook.presto.sql.parser.TestSqlParser@66c9153e]" name="testCurrentTimestamp" duration-ms="146" started-at="2014-05-07T06:42:09Z" finished-at="2014-05-07T06:42:09Z">
          <reporter-output>
          </reporter-output>
        </test-method> <!-- testCurrentTimestamp -->
        <test-method status="PASS" signature="testDate()[pri:0, instance:com.facebook.presto.sql.parser.TestSqlParser@66c9153e]" name="testDate" duration-ms="68" started-at="2014-05-07T06:42:09Z" finished-at="2014-05-07T06:42:09Z">
          <reporter-output>
          </reporter-output>
        </test-method> <!-- testDate -->
        <test-method status="PASS" signature="testDouble()[pri:0, instance:com.facebook.presto.sql.parser.TestSqlParser@66c9153e]" name="testDouble" duration-ms="5" started-at="2014-05-07T06:42:09Z" finished-at="2014-05-07T06:42:09Z">
          <reporter-output>
          </reporter-output>
        </test-method> <!-- testDouble -->
        <test-method status="PASS" signature="testDoubleInQuery()[pri:0, instance:com.facebook.presto.sql.parser.TestSqlParser@66c9153e]" name="testDoubleInQuery" duration-ms="40" started-at="2014-05-07T06:42:09Z" finished-at="2014-05-07T06:42:09Z">
          <reporter-output>
          </reporter-output>
        </test-method> <!-- testDoubleInQuery -->
        <test-method status="PASS" signature="testEmptyExpression()[pri:0, instance:com.facebook.presto.sql.parser.TestSqlParser@66c9153e]" name="testEmptyExpression" duration-ms="3" started-at="2014-05-07T06:42:09Z" finished-at="2014-05-07T06:42:09Z">
          <exception class="com.facebook.presto.sql.parser.ParsingException">
            <message>
              <![CDATA[line 1:1: no viable alternative at input '<EOF>']]>
            </message>
            <full-stacktrace>
              <![CDATA[com.facebook.presto.sql.parser.ParsingException: line 1:1: no viable alternative at input '<EOF>'
	at com.facebook.presto.sql.parser.StatementParser.booleanPrimary(StatementParser.java:7174)
	at com.facebook.presto.sql.parser.StatementParser.booleanTest(StatementParser.java:6955)
	at com.facebook.presto.sql.parser.StatementParser.notExpression(StatementParser.java:6893)
	at com.facebook.presto.sql.parser.StatementParser.andExpression(StatementParser.java:6754)
	at com.facebook.presto.sql.parser.StatementParser.orExpression(StatementParser.java:6647)
	at com.facebook.presto.sql.parser.StatementParser.expr(StatementParser.java:6581)
	at com.facebook.presto.sql.parser.StatementParser.singleExpression(StatementParser.java:408)
	at com.facebook.presto.sql.parser.SqlParser.parseExpression(SqlParser.java:91)
	at com.facebook.presto.sql.parser.SqlParser.createExpression(SqlParser.java:45)
	at com.facebook.presto.sql.parser.TestSqlParser.testEmptyExpression(TestSqlParser.java:97)
	at sun.reflect.NativeMethodAccessorImpl.invoke0(Native Method)
	at sun.reflect.NativeMethodAccessorImpl.invoke(NativeMethodAccessorImpl.java:57)
	at sun.reflect.DelegatingMethodAccessorImpl.invoke(DelegatingMethodAccessorImpl.java:43)
	at java.lang.reflect.Method.invoke(Method.java:601)
	at org.testng.internal.MethodInvocationHelper.invokeMethod(MethodInvocationHelper.java:80)
	at org.testng.internal.Invoker.invokeMethod(Invoker.java:714)
	at org.testng.internal.Invoker.invokeTestMethod(Invoker.java:901)
	at org.testng.internal.Invoker.invokeTestMethods(Invoker.java:1231)
	at org.testng.internal.TestMethodWorker.invokeTestMethods(TestMethodWorker.java:127)
	at org.testng.internal.TestMethodWorker.run(TestMethodWorker.java:111)
	at org.testng.TestRunner.privateRun(TestRunner.java:767)
	at org.testng.TestRunner.run(TestRunner.java:617)
	at org.testng.SuiteRunner.runTest(SuiteRunner.java:334)
	at org.testng.SuiteRunner.runSequentially(SuiteRunner.java:329)
	at org.testng.SuiteRunner.privateRun(SuiteRunner.java:291)
	at org.testng.SuiteRunner.run(SuiteRunner.java:240)
	at org.testng.SuiteRunnerWorker.runSuite(SuiteRunnerWorker.java:52)
	at org.testng.SuiteRunnerWorker.run(SuiteRunnerWorker.java:86)
	at org.testng.TestNG.runSuitesSequentially(TestNG.java:1198)
	at org.testng.TestNG.runSuitesLocally(TestNG.java:1123)
	at org.testng.TestNG.run(TestNG.java:1031)
	at org.apache.maven.surefire.testng.TestNGExecutor.run(TestNGExecutor.java:77)
	at org.apache.maven.surefire.testng.TestNGDirectoryTestSuite.executeMulti(TestNGDirectoryTestSuite.java:189)
	at org.apache.maven.surefire.testng.TestNGDirectoryTestSuite.execute(TestNGDirectoryTestSuite.java:105)
	at org.apache.maven.surefire.testng.TestNGProvider.invoke(TestNGProvider.java:117)
	at sun.reflect.NativeMethodAccessorImpl.invoke0(Native Method)
	at sun.reflect.NativeMethodAccessorImpl.invoke(NativeMethodAccessorImpl.java:57)
	at sun.reflect.DelegatingMethodAccessorImpl.invoke(DelegatingMethodAccessorImpl.java:43)
	at java.lang.reflect.Method.invoke(Method.java:601)
	at org.apache.maven.surefire.util.ReflectionUtils.invokeMethodWithArray2(ReflectionUtils.java:208)
	at org.apache.maven.surefire.booter.ProviderFactory$ProviderProxy.invoke(ProviderFactory.java:158)
	at org.apache.maven.surefire.booter.ProviderFactory.invokeProvider(ProviderFactory.java:86)
	at org.apache.maven.surefire.booter.ForkedBooter.runSuitesInProcess(ForkedBooter.java:153)
	at org.apache.maven.surefire.booter.ForkedBooter.main(ForkedBooter.java:95)
Caused by: NoViableAltException(-1@[])
	at com.facebook.presto.sql.parser.StatementParser.booleanPrimary(StatementParser.java:7089)
	... 43 more
]]>
            </full-stacktrace>
          </exception> <!-- com.facebook.presto.sql.parser.ParsingException -->
          <reporter-output>
          </reporter-output>
        </test-method> <!-- testEmptyExpression -->
        <test-method status="PASS" signature="testEmptyStatement()[pri:0, instance:com.facebook.presto.sql.parser.TestSqlParser@66c9153e]" name="testEmptyStatement" duration-ms="1" started-at="2014-05-07T06:42:09Z" finished-at="2014-05-07T06:42:09Z">
          <exception class="com.facebook.presto.sql.parser.ParsingException">
            <message>
              <![CDATA[line 1:1: no viable alternative at input '<EOF>']]>
            </message>
            <full-stacktrace>
              <![CDATA[com.facebook.presto.sql.parser.ParsingException: line 1:1: no viable alternative at input '<EOF>'
	at com.facebook.presto.sql.parser.StatementParser.statement(StatementParser.java:873)
	at com.facebook.presto.sql.parser.StatementParser.singleStatement(StatementParser.java:319)
	at com.facebook.presto.sql.parser.SqlParser.parseStatement(SqlParser.java:81)
	at com.facebook.presto.sql.parser.SqlParser.createStatement(SqlParser.java:35)
	at com.facebook.presto.sql.parser.TestSqlParser.testEmptyStatement(TestSqlParser.java:103)
	at sun.reflect.NativeMethodAccessorImpl.invoke0(Native Method)
	at sun.reflect.NativeMethodAccessorImpl.invoke(NativeMethodAccessorImpl.java:57)
	at sun.reflect.DelegatingMethodAccessorImpl.invoke(DelegatingMethodAccessorImpl.java:43)
	at java.lang.reflect.Method.invoke(Method.java:601)
	at org.testng.internal.MethodInvocationHelper.invokeMethod(MethodInvocationHelper.java:80)
	at org.testng.internal.Invoker.invokeMethod(Invoker.java:714)
	at org.testng.internal.Invoker.invokeTestMethod(Invoker.java:901)
	at org.testng.internal.Invoker.invokeTestMethods(Invoker.java:1231)
	at org.testng.internal.TestMethodWorker.invokeTestMethods(TestMethodWorker.java:127)
	at org.testng.internal.TestMethodWorker.run(TestMethodWorker.java:111)
	at org.testng.TestRunner.privateRun(TestRunner.java:767)
	at org.testng.TestRunner.run(TestRunner.java:617)
	at org.testng.SuiteRunner.runTest(SuiteRunner.java:334)
	at org.testng.SuiteRunner.runSequentially(SuiteRunner.java:329)
	at org.testng.SuiteRunner.privateRun(SuiteRunner.java:291)
	at org.testng.SuiteRunner.run(SuiteRunner.java:240)
	at org.testng.SuiteRunnerWorker.runSuite(SuiteRunnerWorker.java:52)
	at org.testng.SuiteRunnerWorker.run(SuiteRunnerWorker.java:86)
	at org.testng.TestNG.runSuitesSequentially(TestNG.java:1198)
	at org.testng.TestNG.runSuitesLocally(TestNG.java:1123)
	at org.testng.TestNG.run(TestNG.java:1031)
	at org.apache.maven.surefire.testng.TestNGExecutor.run(TestNGExecutor.java:77)
	at org.apache.maven.surefire.testng.TestNGDirectoryTestSuite.executeMulti(TestNGDirectoryTestSuite.java:189)
	at org.apache.maven.surefire.testng.TestNGDirectoryTestSuite.execute(TestNGDirectoryTestSuite.java:105)
	at org.apache.maven.surefire.testng.TestNGProvider.invoke(TestNGProvider.java:117)
	at sun.reflect.NativeMethodAccessorImpl.invoke0(Native Method)
	at sun.reflect.NativeMethodAccessorImpl.invoke(NativeMethodAccessorImpl.java:57)
	at sun.reflect.DelegatingMethodAccessorImpl.invoke(DelegatingMethodAccessorImpl.java:43)
	at java.lang.reflect.Method.invoke(Method.java:601)
	at org.apache.maven.surefire.util.ReflectionUtils.invokeMethodWithArray2(ReflectionUtils.java:208)
	at org.apache.maven.surefire.booter.ProviderFactory$ProviderProxy.invoke(ProviderFactory.java:158)
	at org.apache.maven.surefire.booter.ProviderFactory.invokeProvider(ProviderFactory.java:86)
	at org.apache.maven.surefire.booter.ForkedBooter.runSuitesInProcess(ForkedBooter.java:153)
	at org.apache.maven.surefire.booter.ForkedBooter.main(ForkedBooter.java:95)
Caused by: NoViableAltException(-1@[])
	at com.facebook.presto.sql.parser.StatementParser.statement(StatementParser.java:642)
	... 38 more
]]>
            </full-stacktrace>
          </exception> <!-- com.facebook.presto.sql.parser.ParsingException -->
          <reporter-output>
          </reporter-output>
        </test-method> <!-- testEmptyStatement -->
        <test-method status="PASS" signature="testExpressionWithTrailingJunk()[pri:0, instance:com.facebook.presto.sql.parser.TestSqlParser@66c9153e]" name="testExpressionWithTrailingJunk" duration-ms="1" started-at="2014-05-07T06:42:09Z" finished-at="2014-05-07T06:42:09Z">
          <exception class="com.facebook.presto.sql.parser.ParsingException">
            <message>
              <![CDATA[line 1:7: mismatched input 'x' expecting EOF]]>
            </message>
            <full-stacktrace>
              <![CDATA[com.facebook.presto.sql.parser.ParsingException: line 1:7: mismatched input 'x' expecting EOF
	at com.facebook.presto.sql.parser.StatementParser.singleExpression(StatementParser.java:454)
	at com.facebook.presto.sql.parser.SqlParser.parseExpression(SqlParser.java:91)
	at com.facebook.presto.sql.parser.SqlParser.createExpression(SqlParser.java:45)
	at com.facebook.presto.sql.parser.TestSqlParser.testExpressionWithTrailingJunk(TestSqlParser.java:109)
	at sun.reflect.NativeMethodAccessorImpl.invoke0(Native Method)
	at sun.reflect.NativeMethodAccessorImpl.invoke(NativeMethodAccessorImpl.java:57)
	at sun.reflect.DelegatingMethodAccessorImpl.invoke(DelegatingMethodAccessorImpl.java:43)
	at java.lang.reflect.Method.invoke(Method.java:601)
	at org.testng.internal.MethodInvocationHelper.invokeMethod(MethodInvocationHelper.java:80)
	at org.testng.internal.Invoker.invokeMethod(Invoker.java:714)
	at org.testng.internal.Invoker.invokeTestMethod(Invoker.java:901)
	at org.testng.internal.Invoker.invokeTestMethods(Invoker.java:1231)
	at org.testng.internal.TestMethodWorker.invokeTestMethods(TestMethodWorker.java:127)
	at org.testng.internal.TestMethodWorker.run(TestMethodWorker.java:111)
	at org.testng.TestRunner.privateRun(TestRunner.java:767)
	at org.testng.TestRunner.run(TestRunner.java:617)
	at org.testng.SuiteRunner.runTest(SuiteRunner.java:334)
	at org.testng.SuiteRunner.runSequentially(SuiteRunner.java:329)
	at org.testng.SuiteRunner.privateRun(SuiteRunner.java:291)
	at org.testng.SuiteRunner.run(SuiteRunner.java:240)
	at org.testng.SuiteRunnerWorker.runSuite(SuiteRunnerWorker.java:52)
	at org.testng.SuiteRunnerWorker.run(SuiteRunnerWorker.java:86)
	at org.testng.TestNG.runSuitesSequentially(TestNG.java:1198)
	at org.testng.TestNG.runSuitesLocally(TestNG.java:1123)
	at org.testng.TestNG.run(TestNG.java:1031)
	at org.apache.maven.surefire.testng.TestNGExecutor.run(TestNGExecutor.java:77)
	at org.apache.maven.surefire.testng.TestNGDirectoryTestSuite.executeMulti(TestNGDirectoryTestSuite.java:189)
	at org.apache.maven.surefire.testng.TestNGDirectoryTestSuite.execute(TestNGDirectoryTestSuite.java:105)
	at org.apache.maven.surefire.testng.TestNGProvider.invoke(TestNGProvider.java:117)
	at sun.reflect.NativeMethodAccessorImpl.invoke0(Native Method)
	at sun.reflect.NativeMethodAccessorImpl.invoke(NativeMethodAccessorImpl.java:57)
	at sun.reflect.DelegatingMethodAccessorImpl.invoke(DelegatingMethodAccessorImpl.java:43)
	at java.lang.reflect.Method.invoke(Method.java:601)
	at org.apache.maven.surefire.util.ReflectionUtils.invokeMethodWithArray2(ReflectionUtils.java:208)
	at org.apache.maven.surefire.booter.ProviderFactory$ProviderProxy.invoke(ProviderFactory.java:158)
	at org.apache.maven.surefire.booter.ProviderFactory.invokeProvider(ProviderFactory.java:86)
	at org.apache.maven.surefire.booter.ForkedBooter.runSuitesInProcess(ForkedBooter.java:153)
	at org.apache.maven.surefire.booter.ForkedBooter.main(ForkedBooter.java:95)
Caused by: MismatchedTokenException(85!=-1)
	at com.facebook.presto.sql.parser.StatementParser.recoverFromMismatchedToken(StatementParser.java:263)
	at org.antlr.runtime.BaseRecognizer.match(BaseRecognizer.java:115)
	at com.facebook.presto.sql.parser.StatementParser.singleExpression(StatementParser.java:414)
	... 37 more
]]>
            </full-stacktrace>
          </exception> <!-- com.facebook.presto.sql.parser.ParsingException -->
          <reporter-output>
          </reporter-output>
        </test-method> <!-- testExpressionWithTrailingJunk -->
        <test-method status="PASS" signature="testIdentifierWithColon()[pri:0, instance:com.facebook.presto.sql.parser.TestSqlParser@66c9153e]" name="testIdentifierWithColon" duration-ms="1" started-at="2014-05-07T06:42:09Z" finished-at="2014-05-07T06:42:09Z">
          <exception class="com.facebook.presto.sql.parser.ParsingException">
            <message>
              <![CDATA[line 1:15: identifiers must not contain a colon; use '@' instead of ':' for table links]]>
            </message>
            <full-stacktrace>
              <![CDATA[com.facebook.presto.sql.parser.ParsingException: line 1:15: identifiers must not contain a colon; use '@' instead of ':' for table links
	at com.facebook.presto.sql.parser.StatementParser.relation(StatementParser.java:5509)
	at com.facebook.presto.sql.parser.StatementParser.tablePrimary(StatementParser.java:5103)
	at com.facebook.presto.sql.parser.StatementParser.tableFactor(StatementParser.java:4889)
	at com.facebook.presto.sql.parser.StatementParser.tableRef(StatementParser.java:4315)
	at com.facebook.presto.sql.parser.StatementParser.fromClause(StatementParser.java:2651)
	at com.facebook.presto.sql.parser.StatementParser.simpleQuery(StatementParser.java:2189)
	at com.facebook.presto.sql.parser.StatementParser.queryPrimary(StatementParser.java:1944)
	at com.facebook.presto.sql.parser.StatementParser.queryTerm(StatementParser.java:1720)
	at com.facebook.presto.sql.parser.StatementParser.queryExprBody(StatementParser.java:1426)
	at com.facebook.presto.sql.parser.StatementParser.queryExpr(StatementParser.java:1097)
	at com.facebook.presto.sql.parser.StatementParser.query(StatementParser.java:913)
	at com.facebook.presto.sql.parser.StatementParser.statement(StatementParser.java:657)
	at com.facebook.presto.sql.parser.StatementParser.singleStatement(StatementParser.java:319)
	at com.facebook.presto.sql.parser.SqlParser.parseStatement(SqlParser.java:81)
	at com.facebook.presto.sql.parser.SqlParser.createStatement(SqlParser.java:35)
	at com.facebook.presto.sql.parser.TestSqlParser.testIdentifierWithColon(TestSqlParser.java:175)
	at sun.reflect.NativeMethodAccessorImpl.invoke0(Native Method)
	at sun.reflect.NativeMethodAccessorImpl.invoke(NativeMethodAccessorImpl.java:57)
	at sun.reflect.DelegatingMethodAccessorImpl.invoke(DelegatingMethodAccessorImpl.java:43)
	at java.lang.reflect.Method.invoke(Method.java:601)
	at org.testng.internal.MethodInvocationHelper.invokeMethod(MethodInvocationHelper.java:80)
	at org.testng.internal.Invoker.invokeMethod(Invoker.java:714)
	at org.testng.internal.Invoker.invokeTestMethod(Invoker.java:901)
	at org.testng.internal.Invoker.invokeTestMethods(Invoker.java:1231)
	at org.testng.internal.TestMethodWorker.invokeTestMethods(TestMethodWorker.java:127)
	at org.testng.internal.TestMethodWorker.run(TestMethodWorker.java:111)
	at org.testng.TestRunner.privateRun(TestRunner.java:767)
	at org.testng.TestRunner.run(TestRunner.java:617)
	at org.testng.SuiteRunner.runTest(SuiteRunner.java:334)
	at org.testng.SuiteRunner.runSequentially(SuiteRunner.java:329)
	at org.testng.SuiteRunner.privateRun(SuiteRunner.java:291)
	at org.testng.SuiteRunner.run(SuiteRunner.java:240)
	at org.testng.SuiteRunnerWorker.runSuite(SuiteRunnerWorker.java:52)
	at org.testng.SuiteRunnerWorker.run(SuiteRunnerWorker.java:86)
	at org.testng.TestNG.runSuitesSequentially(TestNG.java:1198)
	at org.testng.TestNG.runSuitesLocally(TestNG.java:1123)
	at org.testng.TestNG.run(TestNG.java:1031)
	at org.apache.maven.surefire.testng.TestNGExecutor.run(TestNGExecutor.java:77)
	at org.apache.maven.surefire.testng.TestNGDirectoryTestSuite.executeMulti(TestNGDirectoryTestSuite.java:189)
	at org.apache.maven.surefire.testng.TestNGDirectoryTestSuite.execute(TestNGDirectoryTestSuite.java:105)
	at org.apache.maven.surefire.testng.TestNGProvider.invoke(TestNGProvider.java:117)
	at sun.reflect.NativeMethodAccessorImpl.invoke0(Native Method)
	at sun.reflect.NativeMethodAccessorImpl.invoke(NativeMethodAccessorImpl.java:57)
	at sun.reflect.DelegatingMethodAccessorImpl.invoke(DelegatingMethodAccessorImpl.java:43)
	at java.lang.reflect.Method.invoke(Method.java:601)
	at org.apache.maven.surefire.util.ReflectionUtils.invokeMethodWithArray2(ReflectionUtils.java:208)
	at org.apache.maven.surefire.booter.ProviderFactory$ProviderProxy.invoke(ProviderFactory.java:158)
	at org.apache.maven.surefire.booter.ProviderFactory.invokeProvider(ProviderFactory.java:86)
	at org.apache.maven.surefire.booter.ForkedBooter.runSuitesInProcess(ForkedBooter.java:153)
	at org.apache.maven.surefire.booter.ForkedBooter.main(ForkedBooter.java:95)
Caused by: NoViableAltException(24@[])
	at com.facebook.presto.sql.parser.StatementParser.relation(StatementParser.java:5443)
	... 49 more
]]>
            </full-stacktrace>
          </exception> <!-- com.facebook.presto.sql.parser.ParsingException -->
          <reporter-output>
          </reporter-output>
        </test-method> <!-- testIdentifierWithColon -->
        <test-method status="PASS" signature="testInterval()[pri:0, instance:com.facebook.presto.sql.parser.TestSqlParser@66c9153e]" name="testInterval" duration-ms="6" started-at="2014-05-07T06:42:09Z" finished-at="2014-05-07T06:42:09Z">
          <reporter-output>
          </reporter-output>
        </test-method> <!-- testInterval -->
        <test-method status="PASS" signature="testParseErrorBackquotes()[pri:0, instance:com.facebook.presto.sql.parser.TestSqlParser@66c9153e]" name="testParseErrorBackquotes" duration-ms="1" started-at="2014-05-07T06:42:09Z" finished-at="2014-05-07T06:42:09Z">
          <exception class="com.facebook.presto.sql.parser.ParsingException">
            <message>
              <![CDATA[line 1:15: backquoted identifiers are not supported; use double quotes to quote identifiers]]>
            </message>
            <full-stacktrace>
              <![CDATA[com.facebook.presto.sql.parser.ParsingException: line 1:15: backquoted identifiers are not supported; use double quotes to quote identifiers
	at com.facebook.presto.sql.parser.StatementParser.relation(StatementParser.java:5509)
	at com.facebook.presto.sql.parser.StatementParser.tablePrimary(StatementParser.java:5103)
	at com.facebook.presto.sql.parser.StatementParser.tableFactor(StatementParser.java:4889)
	at com.facebook.presto.sql.parser.StatementParser.tableRef(StatementParser.java:4315)
	at com.facebook.presto.sql.parser.StatementParser.fromClause(StatementParser.java:2651)
	at com.facebook.presto.sql.parser.StatementParser.simpleQuery(StatementParser.java:2189)
	at com.facebook.presto.sql.parser.StatementParser.queryPrimary(StatementParser.java:1944)
	at com.facebook.presto.sql.parser.StatementParser.queryTerm(StatementParser.java:1720)
	at com.facebook.presto.sql.parser.StatementParser.queryExprBody(StatementParser.java:1426)
	at com.facebook.presto.sql.parser.StatementParser.queryExpr(StatementParser.java:1097)
	at com.facebook.presto.sql.parser.StatementParser.query(StatementParser.java:913)
	at com.facebook.presto.sql.parser.StatementParser.statement(StatementParser.java:657)
	at com.facebook.presto.sql.parser.StatementParser.singleStatement(StatementParser.java:319)
	at com.facebook.presto.sql.parser.SqlParser.parseStatement(SqlParser.java:81)
	at com.facebook.presto.sql.parser.SqlParser.createStatement(SqlParser.java:35)
	at com.facebook.presto.sql.parser.TestSqlParser.testParseErrorBackquotes(TestSqlParser.java:157)
	at sun.reflect.NativeMethodAccessorImpl.invoke0(Native Method)
	at sun.reflect.NativeMethodAccessorImpl.invoke(NativeMethodAccessorImpl.java:57)
	at sun.reflect.DelegatingMethodAccessorImpl.invoke(DelegatingMethodAccessorImpl.java:43)
	at java.lang.reflect.Method.invoke(Method.java:601)
	at org.testng.internal.MethodInvocationHelper.invokeMethod(MethodInvocationHelper.java:80)
	at org.testng.internal.Invoker.invokeMethod(Invoker.java:714)
	at org.testng.internal.Invoker.invokeTestMethod(Invoker.java:901)
	at org.testng.internal.Invoker.invokeTestMethods(Invoker.java:1231)
	at org.testng.internal.TestMethodWorker.invokeTestMethods(TestMethodWorker.java:127)
	at org.testng.internal.TestMethodWorker.run(TestMethodWorker.java:111)
	at org.testng.TestRunner.privateRun(TestRunner.java:767)
	at org.testng.TestRunner.run(TestRunner.java:617)
	at org.testng.SuiteRunner.runTest(SuiteRunner.java:334)
	at org.testng.SuiteRunner.runSequentially(SuiteRunner.java:329)
	at org.testng.SuiteRunner.privateRun(SuiteRunner.java:291)
	at org.testng.SuiteRunner.run(SuiteRunner.java:240)
	at org.testng.SuiteRunnerWorker.runSuite(SuiteRunnerWorker.java:52)
	at org.testng.SuiteRunnerWorker.run(SuiteRunnerWorker.java:86)
	at org.testng.TestNG.runSuitesSequentially(TestNG.java:1198)
	at org.testng.TestNG.runSuitesLocally(TestNG.java:1123)
	at org.testng.TestNG.run(TestNG.java:1031)
	at org.apache.maven.surefire.testng.TestNGExecutor.run(TestNGExecutor.java:77)
	at org.apache.maven.surefire.testng.TestNGDirectoryTestSuite.executeMulti(TestNGDirectoryTestSuite.java:189)
	at org.apache.maven.surefire.testng.TestNGDirectoryTestSuite.execute(TestNGDirectoryTestSuite.java:105)
	at org.apache.maven.surefire.testng.TestNGProvider.invoke(TestNGProvider.java:117)
	at sun.reflect.NativeMethodAccessorImpl.invoke0(Native Method)
	at sun.reflect.NativeMethodAccessorImpl.invoke(NativeMethodAccessorImpl.java:57)
	at sun.reflect.DelegatingMethodAccessorImpl.invoke(DelegatingMethodAccessorImpl.java:43)
	at java.lang.reflect.Method.invoke(Method.java:601)
	at org.apache.maven.surefire.util.ReflectionUtils.invokeMethodWithArray2(ReflectionUtils.java:208)
	at org.apache.maven.surefire.booter.ProviderFactory$ProviderProxy.invoke(ProviderFactory.java:158)
	at org.apache.maven.surefire.booter.ProviderFactory.invokeProvider(ProviderFactory.java:86)
	at org.apache.maven.surefire.booter.ForkedBooter.runSuitesInProcess(ForkedBooter.java:153)
	at org.apache.maven.surefire.booter.ForkedBooter.main(ForkedBooter.java:95)
Caused by: NoViableAltException(12@[])
	at com.facebook.presto.sql.parser.StatementParser.relation(StatementParser.java:5443)
	... 49 more
]]>
            </full-stacktrace>
          </exception> <!-- com.facebook.presto.sql.parser.ParsingException -->
          <reporter-output>
          </reporter-output>
        </test-method> <!-- testParseErrorBackquotes -->
        <test-method status="PASS" signature="testParseErrorBackquotesEndOfInput()[pri:0, instance:com.facebook.presto.sql.parser.TestSqlParser@66c9153e]" name="testParseErrorBackquotesEndOfInput" duration-ms="1" started-at="2014-05-07T06:42:09Z" finished-at="2014-05-07T06:42:09Z">
          <exception class="com.facebook.presto.sql.parser.ParsingException">
            <message>
              <![CDATA[line 1:19: backquoted identifiers are not supported; use double quotes to quote identifiers]]>
            </message>
            <full-stacktrace>
              <![CDATA[com.facebook.presto.sql.parser.ParsingException: line 1:19: backquoted identifiers are not supported; use double quotes to quote identifiers
	at com.facebook.presto.sql.parser.StatementParser.singleStatement(StatementParser.java:365)
	at com.facebook.presto.sql.parser.SqlParser.parseStatement(SqlParser.java:81)
	at com.facebook.presto.sql.parser.SqlParser.createStatement(SqlParser.java:35)
	at com.facebook.presto.sql.parser.TestSqlParser.testParseErrorBackquotesEndOfInput(TestSqlParser.java:163)
	at sun.reflect.NativeMethodAccessorImpl.invoke0(Native Method)
	at sun.reflect.NativeMethodAccessorImpl.invoke(NativeMethodAccessorImpl.java:57)
	at sun.reflect.DelegatingMethodAccessorImpl.invoke(DelegatingMethodAccessorImpl.java:43)
	at java.lang.reflect.Method.invoke(Method.java:601)
	at org.testng.internal.MethodInvocationHelper.invokeMethod(MethodInvocationHelper.java:80)
	at org.testng.internal.Invoker.invokeMethod(Invoker.java:714)
	at org.testng.internal.Invoker.invokeTestMethod(Invoker.java:901)
	at org.testng.internal.Invoker.invokeTestMethods(Invoker.java:1231)
	at org.testng.internal.TestMethodWorker.invokeTestMethods(TestMethodWorker.java:127)
	at org.testng.internal.TestMethodWorker.run(TestMethodWorker.java:111)
	at org.testng.TestRunner.privateRun(TestRunner.java:767)
	at org.testng.TestRunner.run(TestRunner.java:617)
	at org.testng.SuiteRunner.runTest(SuiteRunner.java:334)
	at org.testng.SuiteRunner.runSequentially(SuiteRunner.java:329)
	at org.testng.SuiteRunner.privateRun(SuiteRunner.java:291)
	at org.testng.SuiteRunner.run(SuiteRunner.java:240)
	at org.testng.SuiteRunnerWorker.runSuite(SuiteRunnerWorker.java:52)
	at org.testng.SuiteRunnerWorker.run(SuiteRunnerWorker.java:86)
	at org.testng.TestNG.runSuitesSequentially(TestNG.java:1198)
	at org.testng.TestNG.runSuitesLocally(TestNG.java:1123)
	at org.testng.TestNG.run(TestNG.java:1031)
	at org.apache.maven.surefire.testng.TestNGExecutor.run(TestNGExecutor.java:77)
	at org.apache.maven.surefire.testng.TestNGDirectoryTestSuite.executeMulti(TestNGDirectoryTestSuite.java:189)
	at org.apache.maven.surefire.testng.TestNGDirectoryTestSuite.execute(TestNGDirectoryTestSuite.java:105)
	at org.apache.maven.surefire.testng.TestNGProvider.invoke(TestNGProvider.java:117)
	at sun.reflect.NativeMethodAccessorImpl.invoke0(Native Method)
	at sun.reflect.NativeMethodAccessorImpl.invoke(NativeMethodAccessorImpl.java:57)
	at sun.reflect.DelegatingMethodAccessorImpl.invoke(DelegatingMethodAccessorImpl.java:43)
	at java.lang.reflect.Method.invoke(Method.java:601)
	at org.apache.maven.surefire.util.ReflectionUtils.invokeMethodWithArray2(ReflectionUtils.java:208)
	at org.apache.maven.surefire.booter.ProviderFactory$ProviderProxy.invoke(ProviderFactory.java:158)
	at org.apache.maven.surefire.booter.ProviderFactory.invokeProvider(ProviderFactory.java:86)
	at org.apache.maven.surefire.booter.ForkedBooter.runSuitesInProcess(ForkedBooter.java:153)
	at org.apache.maven.surefire.booter.ForkedBooter.main(ForkedBooter.java:95)
Caused by: MismatchedTokenException(12!=-1)
	at com.facebook.presto.sql.parser.StatementParser.recoverFromMismatchedToken(StatementParser.java:263)
	at org.antlr.runtime.BaseRecognizer.match(BaseRecognizer.java:115)
	at com.facebook.presto.sql.parser.StatementParser.singleStatement(StatementParser.java:325)
	... 37 more
]]>
            </full-stacktrace>
          </exception> <!-- com.facebook.presto.sql.parser.ParsingException -->
          <reporter-output>
          </reporter-output>
        </test-method> <!-- testParseErrorBackquotesEndOfInput -->
        <test-method status="PASS" signature="testParseErrorDigitIdentifiers()[pri:0, instance:com.facebook.presto.sql.parser.TestSqlParser@66c9153e]" name="testParseErrorDigitIdentifiers" duration-ms="1" started-at="2014-05-07T06:42:09Z" finished-at="2014-05-07T06:42:09Z">
          <exception class="com.facebook.presto.sql.parser.ParsingException">
            <message>
              <![CDATA[line 1:8: identifiers must not start with a digit; surround the identifier with double quotes]]>
            </message>
            <full-stacktrace>
              <![CDATA[com.facebook.presto.sql.parser.ParsingException: line 1:8: identifiers must not start with a digit; surround the identifier with double quotes
	at com.facebook.presto.sql.parser.StatementParser.selectSublist(StatementParser.java:4245)
	at com.facebook.presto.sql.parser.StatementParser.selectList(StatementParser.java:3852)
	at com.facebook.presto.sql.parser.StatementParser.selectExpr(StatementParser.java:3716)
	at com.facebook.presto.sql.parser.StatementParser.selectClause(StatementParser.java:2547)
	at com.facebook.presto.sql.parser.StatementParser.simpleQuery(StatementParser.java:2168)
	at com.facebook.presto.sql.parser.StatementParser.queryPrimary(StatementParser.java:1944)
	at com.facebook.presto.sql.parser.StatementParser.queryTerm(StatementParser.java:1720)
	at com.facebook.presto.sql.parser.StatementParser.queryExprBody(StatementParser.java:1426)
	at com.facebook.presto.sql.parser.StatementParser.queryExpr(StatementParser.java:1097)
	at com.facebook.presto.sql.parser.StatementParser.query(StatementParser.java:913)
	at com.facebook.presto.sql.parser.StatementParser.statement(StatementParser.java:657)
	at com.facebook.presto.sql.parser.StatementParser.singleStatement(StatementParser.java:319)
	at com.facebook.presto.sql.parser.SqlParser.parseStatement(SqlParser.java:81)
	at com.facebook.presto.sql.parser.SqlParser.createStatement(SqlParser.java:35)
	at com.facebook.presto.sql.parser.TestSqlParser.testParseErrorDigitIdentifiers(TestSqlParser.java:169)
	at sun.reflect.NativeMethodAccessorImpl.invoke0(Native Method)
	at sun.reflect.NativeMethodAccessorImpl.invoke(NativeMethodAccessorImpl.java:57)
	at sun.reflect.DelegatingMethodAccessorImpl.invoke(DelegatingMethodAccessorImpl.java:43)
	at java.lang.reflect.Method.invoke(Method.java:601)
	at org.testng.internal.MethodInvocationHelper.invokeMethod(MethodInvocationHelper.java:80)
	at org.testng.internal.Invoker.invokeMethod(Invoker.java:714)
	at org.testng.internal.Invoker.invokeTestMethod(Invoker.java:901)
	at org.testng.internal.Invoker.invokeTestMethods(Invoker.java:1231)
	at org.testng.internal.TestMethodWorker.invokeTestMethods(TestMethodWorker.java:127)
	at org.testng.internal.TestMethodWorker.run(TestMethodWorker.java:111)
	at org.testng.TestRunner.privateRun(TestRunner.java:767)
	at org.testng.TestRunner.run(TestRunner.java:617)
	at org.testng.SuiteRunner.runTest(SuiteRunner.java:334)
	at org.testng.SuiteRunner.runSequentially(SuiteRunner.java:329)
	at org.testng.SuiteRunner.privateRun(SuiteRunner.java:291)
	at org.testng.SuiteRunner.run(SuiteRunner.java:240)
	at org.testng.SuiteRunnerWorker.runSuite(SuiteRunnerWorker.java:52)
	at org.testng.SuiteRunnerWorker.run(SuiteRunnerWorker.java:86)
	at org.testng.TestNG.runSuitesSequentially(TestNG.java:1198)
	at org.testng.TestNG.runSuitesLocally(TestNG.java:1123)
	at org.testng.TestNG.run(TestNG.java:1031)
	at org.apache.maven.surefire.testng.TestNGExecutor.run(TestNGExecutor.java:77)
	at org.apache.maven.surefire.testng.TestNGDirectoryTestSuite.executeMulti(TestNGDirectoryTestSuite.java:189)
	at org.apache.maven.surefire.testng.TestNGDirectoryTestSuite.execute(TestNGDirectoryTestSuite.java:105)
	at org.apache.maven.surefire.testng.TestNGProvider.invoke(TestNGProvider.java:117)
	at sun.reflect.NativeMethodAccessorImpl.invoke0(Native Method)
	at sun.reflect.NativeMethodAccessorImpl.invoke(NativeMethodAccessorImpl.java:57)
	at sun.reflect.DelegatingMethodAccessorImpl.invoke(DelegatingMethodAccessorImpl.java:43)
	at java.lang.reflect.Method.invoke(Method.java:601)
	at org.apache.maven.surefire.util.ReflectionUtils.invokeMethodWithArray2(ReflectionUtils.java:208)
	at org.apache.maven.surefire.booter.ProviderFactory$ProviderProxy.invoke(ProviderFactory.java:158)
	at org.apache.maven.surefire.booter.ProviderFactory.invokeProvider(ProviderFactory.java:86)
	at org.apache.maven.surefire.booter.ForkedBooter.runSuitesInProcess(ForkedBooter.java:153)
	at org.apache.maven.surefire.booter.ForkedBooter.main(ForkedBooter.java:95)
Caused by: NoViableAltException(49@[268:1: selectSublist : ( expr ( ( AS )? ident )? -> ^( SELECT_ITEM expr ( ident )? ) | qname '.' '*' -> ^( ALL_COLUMNS qname ) | '*' -> ALL_COLUMNS );])
	at org.antlr.runtime.DFA.noViableAlt(DFA.java:158)
	at org.antlr.runtime.DFA.predict(DFA.java:116)
	at com.facebook.presto.sql.parser.StatementParser.selectSublist(StatementParser.java:4003)
	... 48 more
]]>
            </full-stacktrace>
          </exception> <!-- com.facebook.presto.sql.parser.ParsingException -->
          <reporter-output>
          </reporter-output>
        </test-method> <!-- testParseErrorDigitIdentifiers -->
        <test-method status="PASS" signature="testParseErrorDualOrderBy()[pri:0, instance:com.facebook.presto.sql.parser.TestSqlParser@66c9153e]" name="testParseErrorDualOrderBy" duration-ms="3" started-at="2014-05-07T06:42:09Z" finished-at="2014-05-07T06:42:09Z">
          <exception class="com.facebook.presto.sql.parser.ParsingException">
            <message>
              <![CDATA[line 1:35: no viable alternative at input 'order']]>
            </message>
            <full-stacktrace>
              <![CDATA[com.facebook.presto.sql.parser.ParsingException: line 1:35: no viable alternative at input 'order'
	at com.facebook.presto.sql.parser.StatementParser.ordering(StatementParser.java:10313)
	at com.facebook.presto.sql.parser.StatementParser.sortItem(StatementParser.java:10078)
	at com.facebook.presto.sql.parser.StatementParser.orderClause(StatementParser.java:3159)
	at com.facebook.presto.sql.parser.StatementParser.queryExpr(StatementParser.java:1118)
	at com.facebook.presto.sql.parser.StatementParser.query(StatementParser.java:913)
	at com.facebook.presto.sql.parser.StatementParser.statement(StatementParser.java:657)
	at com.facebook.presto.sql.parser.StatementParser.singleStatement(StatementParser.java:319)
	at com.facebook.presto.sql.parser.SqlParser.parseStatement(SqlParser.java:81)
	at com.facebook.presto.sql.parser.SqlParser.createStatement(SqlParser.java:35)
	at com.facebook.presto.sql.parser.TestSqlParser.testParseErrorDualOrderBy(TestSqlParser.java:181)
	at sun.reflect.NativeMethodAccessorImpl.invoke0(Native Method)
	at sun.reflect.NativeMethodAccessorImpl.invoke(NativeMethodAccessorImpl.java:57)
	at sun.reflect.DelegatingMethodAccessorImpl.invoke(DelegatingMethodAccessorImpl.java:43)
	at java.lang.reflect.Method.invoke(Method.java:601)
	at org.testng.internal.MethodInvocationHelper.invokeMethod(MethodInvocationHelper.java:80)
	at org.testng.internal.Invoker.invokeMethod(Invoker.java:714)
	at org.testng.internal.Invoker.invokeTestMethod(Invoker.java:901)
	at org.testng.internal.Invoker.invokeTestMethods(Invoker.java:1231)
	at org.testng.internal.TestMethodWorker.invokeTestMethods(TestMethodWorker.java:127)
	at org.testng.internal.TestMethodWorker.run(TestMethodWorker.java:111)
	at org.testng.TestRunner.privateRun(TestRunner.java:767)
	at org.testng.TestRunner.run(TestRunner.java:617)
	at org.testng.SuiteRunner.runTest(SuiteRunner.java:334)
	at org.testng.SuiteRunner.runSequentially(SuiteRunner.java:329)
	at org.testng.SuiteRunner.privateRun(SuiteRunner.java:291)
	at org.testng.SuiteRunner.run(SuiteRunner.java:240)
	at org.testng.SuiteRunnerWorker.runSuite(SuiteRunnerWorker.java:52)
	at org.testng.SuiteRunnerWorker.run(SuiteRunnerWorker.java:86)
	at org.testng.TestNG.runSuitesSequentially(TestNG.java:1198)
	at org.testng.TestNG.runSuitesLocally(TestNG.java:1123)
	at org.testng.TestNG.run(TestNG.java:1031)
	at org.apache.maven.surefire.testng.TestNGExecutor.run(TestNGExecutor.java:77)
	at org.apache.maven.surefire.testng.TestNGDirectoryTestSuite.executeMulti(TestNGDirectoryTestSuite.java:189)
	at org.apache.maven.surefire.testng.TestNGDirectoryTestSuite.execute(TestNGDirectoryTestSuite.java:105)
	at org.apache.maven.surefire.testng.TestNGProvider.invoke(TestNGProvider.java:117)
	at sun.reflect.NativeMethodAccessorImpl.invoke0(Native Method)
	at sun.reflect.NativeMethodAccessorImpl.invoke(NativeMethodAccessorImpl.java:57)
	at sun.reflect.DelegatingMethodAccessorImpl.invoke(DelegatingMethodAccessorImpl.java:43)
	at java.lang.reflect.Method.invoke(Method.java:601)
	at org.apache.maven.surefire.util.ReflectionUtils.invokeMethodWithArray2(ReflectionUtils.java:208)
	at org.apache.maven.surefire.booter.ProviderFactory$ProviderProxy.invoke(ProviderFactory.java:158)
	at org.apache.maven.surefire.booter.ProviderFactory.invokeProvider(ProviderFactory.java:86)
	at org.apache.maven.surefire.booter.ForkedBooter.runSuitesInProcess(ForkedBooter.java:153)
	at org.apache.maven.surefire.booter.ForkedBooter.main(ForkedBooter.java:95)
Caused by: NoViableAltException(127@[])
	at com.facebook.presto.sql.parser.StatementParser.ordering(StatementParser.java:10230)
	... 43 more
]]>
            </full-stacktrace>
          </exception> <!-- com.facebook.presto.sql.parser.ParsingException -->
          <reporter-output>
          </reporter-output>
        </test-method> <!-- testParseErrorDualOrderBy -->
        <test-method status="PASS" signature="testParseErrorEndOfInput()[pri:0, instance:com.facebook.presto.sql.parser.TestSqlParser@66c9153e]" name="testParseErrorEndOfInput" duration-ms="1" started-at="2014-05-07T06:42:09Z" finished-at="2014-05-07T06:42:09Z">
          <exception class="com.facebook.presto.sql.parser.ParsingException">
            <message>
              <![CDATA[line 1:14: no viable alternative at input '<EOF>']]>
            </message>
            <full-stacktrace>
              <![CDATA[com.facebook.presto.sql.parser.ParsingException: line 1:14: no viable alternative at input '<EOF>'
	at com.facebook.presto.sql.parser.StatementParser.relation(StatementParser.java:5509)
	at com.facebook.presto.sql.parser.StatementParser.tablePrimary(StatementParser.java:5103)
	at com.facebook.presto.sql.parser.StatementParser.tableFactor(StatementParser.java:4889)
	at com.facebook.presto.sql.parser.StatementParser.tableRef(StatementParser.java:4315)
	at com.facebook.presto.sql.parser.StatementParser.fromClause(StatementParser.java:2651)
	at com.facebook.presto.sql.parser.StatementParser.simpleQuery(StatementParser.java:2189)
	at com.facebook.presto.sql.parser.StatementParser.queryPrimary(StatementParser.java:1944)
	at com.facebook.presto.sql.parser.StatementParser.queryTerm(StatementParser.java:1720)
	at com.facebook.presto.sql.parser.StatementParser.queryExprBody(StatementParser.java:1426)
	at com.facebook.presto.sql.parser.StatementParser.queryExpr(StatementParser.java:1097)
	at com.facebook.presto.sql.parser.StatementParser.query(StatementParser.java:913)
	at com.facebook.presto.sql.parser.StatementParser.statement(StatementParser.java:657)
	at com.facebook.presto.sql.parser.StatementParser.singleStatement(StatementParser.java:319)
	at com.facebook.presto.sql.parser.SqlParser.parseStatement(SqlParser.java:81)
	at com.facebook.presto.sql.parser.SqlParser.createStatement(SqlParser.java:35)
	at com.facebook.presto.sql.parser.TestSqlParser.testParseErrorEndOfInput(TestSqlParser.java:145)
	at sun.reflect.NativeMethodAccessorImpl.invoke0(Native Method)
	at sun.reflect.NativeMethodAccessorImpl.invoke(NativeMethodAccessorImpl.java:57)
	at sun.reflect.DelegatingMethodAccessorImpl.invoke(DelegatingMethodAccessorImpl.java:43)
	at java.lang.reflect.Method.invoke(Method.java:601)
	at org.testng.internal.MethodInvocationHelper.invokeMethod(MethodInvocationHelper.java:80)
	at org.testng.internal.Invoker.invokeMethod(Invoker.java:714)
	at org.testng.internal.Invoker.invokeTestMethod(Invoker.java:901)
	at org.testng.internal.Invoker.invokeTestMethods(Invoker.java:1231)
	at org.testng.internal.TestMethodWorker.invokeTestMethods(TestMethodWorker.java:127)
	at org.testng.internal.TestMethodWorker.run(TestMethodWorker.java:111)
	at org.testng.TestRunner.privateRun(TestRunner.java:767)
	at org.testng.TestRunner.run(TestRunner.java:617)
	at org.testng.SuiteRunner.runTest(SuiteRunner.java:334)
	at org.testng.SuiteRunner.runSequentially(SuiteRunner.java:329)
	at org.testng.SuiteRunner.privateRun(SuiteRunner.java:291)
	at org.testng.SuiteRunner.run(SuiteRunner.java:240)
	at org.testng.SuiteRunnerWorker.runSuite(SuiteRunnerWorker.java:52)
	at org.testng.SuiteRunnerWorker.run(SuiteRunnerWorker.java:86)
	at org.testng.TestNG.runSuitesSequentially(TestNG.java:1198)
	at org.testng.TestNG.runSuitesLocally(TestNG.java:1123)
	at org.testng.TestNG.run(TestNG.java:1031)
	at org.apache.maven.surefire.testng.TestNGExecutor.run(TestNGExecutor.java:77)
	at org.apache.maven.surefire.testng.TestNGDirectoryTestSuite.executeMulti(TestNGDirectoryTestSuite.java:189)
	at org.apache.maven.surefire.testng.TestNGDirectoryTestSuite.execute(TestNGDirectoryTestSuite.java:105)
	at org.apache.maven.surefire.testng.TestNGProvider.invoke(TestNGProvider.java:117)
	at sun.reflect.NativeMethodAccessorImpl.invoke0(Native Method)
	at sun.reflect.NativeMethodAccessorImpl.invoke(NativeMethodAccessorImpl.java:57)
	at sun.reflect.DelegatingMethodAccessorImpl.invoke(DelegatingMethodAccessorImpl.java:43)
	at java.lang.reflect.Method.invoke(Method.java:601)
	at org.apache.maven.surefire.util.ReflectionUtils.invokeMethodWithArray2(ReflectionUtils.java:208)
	at org.apache.maven.surefire.booter.ProviderFactory$ProviderProxy.invoke(ProviderFactory.java:158)
	at org.apache.maven.surefire.booter.ProviderFactory.invokeProvider(ProviderFactory.java:86)
	at org.apache.maven.surefire.booter.ForkedBooter.runSuitesInProcess(ForkedBooter.java:153)
	at org.apache.maven.surefire.booter.ForkedBooter.main(ForkedBooter.java:95)
Caused by: NoViableAltException(-1@[])
	at com.facebook.presto.sql.parser.StatementParser.relation(StatementParser.java:5443)
	... 49 more
]]>
            </full-stacktrace>
          </exception> <!-- com.facebook.presto.sql.parser.ParsingException -->
          <reporter-output>
          </reporter-output>
        </test-method> <!-- testParseErrorEndOfInput -->
        <test-method status="PASS" signature="testParseErrorEndOfInputWhitespace()[pri:0, instance:com.facebook.presto.sql.parser.TestSqlParser@66c9153e]" name="testParseErrorEndOfInputWhitespace" duration-ms="1" started-at="2014-05-07T06:42:09Z" finished-at="2014-05-07T06:42:09Z">
          <exception class="com.facebook.presto.sql.parser.ParsingException">
            <message>
              <![CDATA[line 1:16: no viable alternative at input '<EOF>']]>
            </message>
            <full-stacktrace>
              <![CDATA[com.facebook.presto.sql.parser.ParsingException: line 1:16: no viable alternative at input '<EOF>'
	at com.facebook.presto.sql.parser.StatementParser.relation(StatementParser.java:5509)
	at com.facebook.presto.sql.parser.StatementParser.tablePrimary(StatementParser.java:5103)
	at com.facebook.presto.sql.parser.StatementParser.tableFactor(StatementParser.java:4889)
	at com.facebook.presto.sql.parser.StatementParser.tableRef(StatementParser.java:4315)
	at com.facebook.presto.sql.parser.StatementParser.fromClause(StatementParser.java:2651)
	at com.facebook.presto.sql.parser.StatementParser.simpleQuery(StatementParser.java:2189)
	at com.facebook.presto.sql.parser.StatementParser.queryPrimary(StatementParser.java:1944)
	at com.facebook.presto.sql.parser.StatementParser.queryTerm(StatementParser.java:1720)
	at com.facebook.presto.sql.parser.StatementParser.queryExprBody(StatementParser.java:1426)
	at com.facebook.presto.sql.parser.StatementParser.queryExpr(StatementParser.java:1097)
	at com.facebook.presto.sql.parser.StatementParser.query(StatementParser.java:913)
	at com.facebook.presto.sql.parser.StatementParser.statement(StatementParser.java:657)
	at com.facebook.presto.sql.parser.StatementParser.singleStatement(StatementParser.java:319)
	at com.facebook.presto.sql.parser.SqlParser.parseStatement(SqlParser.java:81)
	at com.facebook.presto.sql.parser.SqlParser.createStatement(SqlParser.java:35)
	at com.facebook.presto.sql.parser.TestSqlParser.testParseErrorEndOfInputWhitespace(TestSqlParser.java:151)
	at sun.reflect.NativeMethodAccessorImpl.invoke0(Native Method)
	at sun.reflect.NativeMethodAccessorImpl.invoke(NativeMethodAccessorImpl.java:57)
	at sun.reflect.DelegatingMethodAccessorImpl.invoke(DelegatingMethodAccessorImpl.java:43)
	at java.lang.reflect.Method.invoke(Method.java:601)
	at org.testng.internal.MethodInvocationHelper.invokeMethod(MethodInvocationHelper.java:80)
	at org.testng.internal.Invoker.invokeMethod(Invoker.java:714)
	at org.testng.internal.Invoker.invokeTestMethod(Invoker.java:901)
	at org.testng.internal.Invoker.invokeTestMethods(Invoker.java:1231)
	at org.testng.internal.TestMethodWorker.invokeTestMethods(TestMethodWorker.java:127)
	at org.testng.internal.TestMethodWorker.run(TestMethodWorker.java:111)
	at org.testng.TestRunner.privateRun(TestRunner.java:767)
	at org.testng.TestRunner.run(TestRunner.java:617)
	at org.testng.SuiteRunner.runTest(SuiteRunner.java:334)
	at org.testng.SuiteRunner.runSequentially(SuiteRunner.java:329)
	at org.testng.SuiteRunner.privateRun(SuiteRunner.java:291)
	at org.testng.SuiteRunner.run(SuiteRunner.java:240)
	at org.testng.SuiteRunnerWorker.runSuite(SuiteRunnerWorker.java:52)
	at org.testng.SuiteRunnerWorker.run(SuiteRunnerWorker.java:86)
	at org.testng.TestNG.runSuitesSequentially(TestNG.java:1198)
	at org.testng.TestNG.runSuitesLocally(TestNG.java:1123)
	at org.testng.TestNG.run(TestNG.java:1031)
	at org.apache.maven.surefire.testng.TestNGExecutor.run(TestNGExecutor.java:77)
	at org.apache.maven.surefire.testng.TestNGDirectoryTestSuite.executeMulti(TestNGDirectoryTestSuite.java:189)
	at org.apache.maven.surefire.testng.TestNGDirectoryTestSuite.execute(TestNGDirectoryTestSuite.java:105)
	at org.apache.maven.surefire.testng.TestNGProvider.invoke(TestNGProvider.java:117)
	at sun.reflect.NativeMethodAccessorImpl.invoke0(Native Method)
	at sun.reflect.NativeMethodAccessorImpl.invoke(NativeMethodAccessorImpl.java:57)
	at sun.reflect.DelegatingMethodAccessorImpl.invoke(DelegatingMethodAccessorImpl.java:43)
	at java.lang.reflect.Method.invoke(Method.java:601)
	at org.apache.maven.surefire.util.ReflectionUtils.invokeMethodWithArray2(ReflectionUtils.java:208)
	at org.apache.maven.surefire.booter.ProviderFactory$ProviderProxy.invoke(ProviderFactory.java:158)
	at org.apache.maven.surefire.booter.ProviderFactory.invokeProvider(ProviderFactory.java:86)
	at org.apache.maven.surefire.booter.ForkedBooter.runSuitesInProcess(ForkedBooter.java:153)
	at org.apache.maven.surefire.booter.ForkedBooter.main(ForkedBooter.java:95)
Caused by: NoViableAltException(-1@[])
	at com.facebook.presto.sql.parser.StatementParser.relation(StatementParser.java:5443)
	... 49 more
]]>
            </full-stacktrace>
          </exception> <!-- com.facebook.presto.sql.parser.ParsingException -->
          <reporter-output>
          </reporter-output>
        </test-method> <!-- testParseErrorEndOfInputWhitespace -->
        <test-method status="PASS" signature="testParseErrorMiddleOfLine()[pri:0, instance:com.facebook.presto.sql.parser.TestSqlParser@66c9153e]" name="testParseErrorMiddleOfLine" duration-ms="2" started-at="2014-05-07T06:42:09Z" finished-at="2014-05-07T06:42:09Z">
          <exception class="com.facebook.presto.sql.parser.ParsingException">
            <message>
              <![CDATA[line 3:7: no viable alternative at input 'from']]>
            </message>
            <full-stacktrace>
              <![CDATA[com.facebook.presto.sql.parser.ParsingException: line 3:7: no viable alternative at input 'from'
	at com.facebook.presto.sql.parser.StatementParser.booleanPrimary(StatementParser.java:7174)
	at com.facebook.presto.sql.parser.StatementParser.booleanTest(StatementParser.java:6955)
	at com.facebook.presto.sql.parser.StatementParser.notExpression(StatementParser.java:6893)
	at com.facebook.presto.sql.parser.StatementParser.andExpression(StatementParser.java:6754)
	at com.facebook.presto.sql.parser.StatementParser.orExpression(StatementParser.java:6647)
	at com.facebook.presto.sql.parser.StatementParser.expr(StatementParser.java:6581)
	at com.facebook.presto.sql.parser.StatementParser.whereClause(StatementParser.java:2794)
	at com.facebook.presto.sql.parser.StatementParser.simpleQuery(StatementParser.java:2216)
	at com.facebook.presto.sql.parser.StatementParser.queryPrimary(StatementParser.java:1944)
	at com.facebook.presto.sql.parser.StatementParser.queryTerm(StatementParser.java:1720)
	at com.facebook.presto.sql.parser.StatementParser.queryExprBody(StatementParser.java:1426)
	at com.facebook.presto.sql.parser.StatementParser.queryExpr(StatementParser.java:1097)
	at com.facebook.presto.sql.parser.StatementParser.query(StatementParser.java:913)
	at com.facebook.presto.sql.parser.StatementParser.statement(StatementParser.java:657)
	at com.facebook.presto.sql.parser.StatementParser.singleStatement(StatementParser.java:319)
	at com.facebook.presto.sql.parser.SqlParser.parseStatement(SqlParser.java:81)
	at com.facebook.presto.sql.parser.SqlParser.createStatement(SqlParser.java:35)
	at com.facebook.presto.sql.parser.TestSqlParser.testParseErrorMiddleOfLine(TestSqlParser.java:139)
	at sun.reflect.NativeMethodAccessorImpl.invoke0(Native Method)
	at sun.reflect.NativeMethodAccessorImpl.invoke(NativeMethodAccessorImpl.java:57)
	at sun.reflect.DelegatingMethodAccessorImpl.invoke(DelegatingMethodAccessorImpl.java:43)
	at java.lang.reflect.Method.invoke(Method.java:601)
	at org.testng.internal.MethodInvocationHelper.invokeMethod(MethodInvocationHelper.java:80)
	at org.testng.internal.Invoker.invokeMethod(Invoker.java:714)
	at org.testng.internal.Invoker.invokeTestMethod(Invoker.java:901)
	at org.testng.internal.Invoker.invokeTestMethods(Invoker.java:1231)
	at org.testng.internal.TestMethodWorker.invokeTestMethods(TestMethodWorker.java:127)
	at org.testng.internal.TestMethodWorker.run(TestMethodWorker.java:111)
	at org.testng.TestRunner.privateRun(TestRunner.java:767)
	at org.testng.TestRunner.run(TestRunner.java:617)
	at org.testng.SuiteRunner.runTest(SuiteRunner.java:334)
	at org.testng.SuiteRunner.runSequentially(SuiteRunner.java:329)
	at org.testng.SuiteRunner.privateRun(SuiteRunner.java:291)
	at org.testng.SuiteRunner.run(SuiteRunner.java:240)
	at org.testng.SuiteRunnerWorker.runSuite(SuiteRunnerWorker.java:52)
	at org.testng.SuiteRunnerWorker.run(SuiteRunnerWorker.java:86)
	at org.testng.TestNG.runSuitesSequentially(TestNG.java:1198)
	at org.testng.TestNG.runSuitesLocally(TestNG.java:1123)
	at org.testng.TestNG.run(TestNG.java:1031)
	at org.apache.maven.surefire.testng.TestNGExecutor.run(TestNGExecutor.java:77)
	at org.apache.maven.surefire.testng.TestNGDirectoryTestSuite.executeMulti(TestNGDirectoryTestSuite.java:189)
	at org.apache.maven.surefire.testng.TestNGDirectoryTestSuite.execute(TestNGDirectoryTestSuite.java:105)
	at org.apache.maven.surefire.testng.TestNGProvider.invoke(TestNGProvider.java:117)
	at sun.reflect.NativeMethodAccessorImpl.invoke0(Native Method)
	at sun.reflect.NativeMethodAccessorImpl.invoke(NativeMethodAccessorImpl.java:57)
	at sun.reflect.DelegatingMethodAccessorImpl.invoke(DelegatingMethodAccessorImpl.java:43)
	at java.lang.reflect.Method.invoke(Method.java:601)
	at org.apache.maven.surefire.util.ReflectionUtils.invokeMethodWithArray2(ReflectionUtils.java:208)
	at org.apache.maven.surefire.booter.ProviderFactory$ProviderProxy.invoke(ProviderFactory.java:158)
	at org.apache.maven.surefire.booter.ProviderFactory.invokeProvider(ProviderFactory.java:86)
	at org.apache.maven.surefire.booter.ForkedBooter.runSuitesInProcess(ForkedBooter.java:153)
	at org.apache.maven.surefire.booter.ForkedBooter.main(ForkedBooter.java:95)
Caused by: NoViableAltException(73@[])
	at com.facebook.presto.sql.parser.StatementParser.booleanPrimary(StatementParser.java:7089)
	... 51 more
]]>
            </full-stacktrace>
          </exception> <!-- com.facebook.presto.sql.parser.ParsingException -->
          <reporter-output>
          </reporter-output>
        </test-method> <!-- testParseErrorMiddleOfLine -->
        <test-method status="PASS" signature="testParseErrorReverseOrderByLimit()[pri:0, instance:com.facebook.presto.sql.parser.TestSqlParser@66c9153e]" name="testParseErrorReverseOrderByLimit" duration-ms="2" started-at="2014-05-07T06:42:09Z" finished-at="2014-05-07T06:42:09Z">
          <exception class="com.facebook.presto.sql.parser.ParsingException">
            <message>
              <![CDATA[line 1:31: mismatched input 'order' expecting EOF]]>
            </message>
            <full-stacktrace>
              <![CDATA[com.facebook.presto.sql.parser.ParsingException: line 1:31: mismatched input 'order' expecting EOF
	at com.facebook.presto.sql.parser.StatementParser.singleStatement(StatementParser.java:365)
	at com.facebook.presto.sql.parser.SqlParser.parseStatement(SqlParser.java:81)
	at com.facebook.presto.sql.parser.SqlParser.createStatement(SqlParser.java:35)
	at com.facebook.presto.sql.parser.TestSqlParser.testParseErrorReverseOrderByLimit(TestSqlParser.java:187)
	at sun.reflect.NativeMethodAccessorImpl.invoke0(Native Method)
	at sun.reflect.NativeMethodAccessorImpl.invoke(NativeMethodAccessorImpl.java:57)
	at sun.reflect.DelegatingMethodAccessorImpl.invoke(DelegatingMethodAccessorImpl.java:43)
	at java.lang.reflect.Method.invoke(Method.java:601)
	at org.testng.internal.MethodInvocationHelper.invokeMethod(MethodInvocationHelper.java:80)
	at org.testng.internal.Invoker.invokeMethod(Invoker.java:714)
	at org.testng.internal.Invoker.invokeTestMethod(Invoker.java:901)
	at org.testng.internal.Invoker.invokeTestMethods(Invoker.java:1231)
	at org.testng.internal.TestMethodWorker.invokeTestMethods(TestMethodWorker.java:127)
	at org.testng.internal.TestMethodWorker.run(TestMethodWorker.java:111)
	at org.testng.TestRunner.privateRun(TestRunner.java:767)
	at org.testng.TestRunner.run(TestRunner.java:617)
	at org.testng.SuiteRunner.runTest(SuiteRunner.java:334)
	at org.testng.SuiteRunner.runSequentially(SuiteRunner.java:329)
	at org.testng.SuiteRunner.privateRun(SuiteRunner.java:291)
	at org.testng.SuiteRunner.run(SuiteRunner.java:240)
	at org.testng.SuiteRunnerWorker.runSuite(SuiteRunnerWorker.java:52)
	at org.testng.SuiteRunnerWorker.run(SuiteRunnerWorker.java:86)
	at org.testng.TestNG.runSuitesSequentially(TestNG.java:1198)
	at org.testng.TestNG.runSuitesLocally(TestNG.java:1123)
	at org.testng.TestNG.run(TestNG.java:1031)
	at org.apache.maven.surefire.testng.TestNGExecutor.run(TestNGExecutor.java:77)
	at org.apache.maven.surefire.testng.TestNGDirectoryTestSuite.executeMulti(TestNGDirectoryTestSuite.java:189)
	at org.apache.maven.surefire.testng.TestNGDirectoryTestSuite.execute(TestNGDirectoryTestSuite.java:105)
	at org.apache.maven.surefire.testng.TestNGProvider.invoke(TestNGProvider.java:117)
	at sun.reflect.NativeMethodAccessorImpl.invoke0(Native Method)
	at sun.reflect.NativeMethodAccessorImpl.invoke(NativeMethodAccessorImpl.java:57)
	at sun.reflect.DelegatingMethodAccessorImpl.invoke(DelegatingMethodAccessorImpl.java:43)
	at java.lang.reflect.Method.invoke(Method.java:601)
	at org.apache.maven.surefire.util.ReflectionUtils.invokeMethodWithArray2(ReflectionUtils.java:208)
	at org.apache.maven.surefire.booter.ProviderFactory$ProviderProxy.invoke(ProviderFactory.java:158)
	at org.apache.maven.surefire.booter.ProviderFactory.invokeProvider(ProviderFactory.java:86)
	at org.apache.maven.surefire.booter.ForkedBooter.runSuitesInProcess(ForkedBooter.java:153)
	at org.apache.maven.surefire.booter.ForkedBooter.main(ForkedBooter.java:95)
Caused by: MismatchedTokenException(127!=-1)
	at com.facebook.presto.sql.parser.StatementParser.recoverFromMismatchedToken(StatementParser.java:263)
	at org.antlr.runtime.BaseRecognizer.match(BaseRecognizer.java:115)
	at com.facebook.presto.sql.parser.StatementParser.singleStatement(StatementParser.java:325)
	... 37 more
]]>
            </full-stacktrace>
          </exception> <!-- com.facebook.presto.sql.parser.ParsingException -->
          <reporter-output>
          </reporter-output>
        </test-method> <!-- testParseErrorReverseOrderByLimit -->
        <test-method status="PASS" signature="testParseErrorStartOfLine()[pri:0, instance:com.facebook.presto.sql.parser.TestSqlParser@66c9153e]" name="testParseErrorStartOfLine" duration-ms="1" started-at="2014-05-07T06:42:09Z" finished-at="2014-05-07T06:42:09Z">
          <exception class="com.facebook.presto.sql.parser.ParsingException">
            <message>
              <![CDATA[line 3:1: mismatched input 'from' expecting EOF]]>
            </message>
            <full-stacktrace>
              <![CDATA[com.facebook.presto.sql.parser.ParsingException: line 3:1: mismatched input 'from' expecting EOF
	at com.facebook.presto.sql.parser.StatementParser.singleStatement(StatementParser.java:365)
	at com.facebook.presto.sql.parser.SqlParser.parseStatement(SqlParser.java:81)
	at com.facebook.presto.sql.parser.SqlParser.createStatement(SqlParser.java:35)
	at com.facebook.presto.sql.parser.TestSqlParser.testParseErrorStartOfLine(TestSqlParser.java:133)
	at sun.reflect.NativeMethodAccessorImpl.invoke0(Native Method)
	at sun.reflect.NativeMethodAccessorImpl.invoke(NativeMethodAccessorImpl.java:57)
	at sun.reflect.DelegatingMethodAccessorImpl.invoke(DelegatingMethodAccessorImpl.java:43)
	at java.lang.reflect.Method.invoke(Method.java:601)
	at org.testng.internal.MethodInvocationHelper.invokeMethod(MethodInvocationHelper.java:80)
	at org.testng.internal.Invoker.invokeMethod(Invoker.java:714)
	at org.testng.internal.Invoker.invokeTestMethod(Invoker.java:901)
	at org.testng.internal.Invoker.invokeTestMethods(Invoker.java:1231)
	at org.testng.internal.TestMethodWorker.invokeTestMethods(TestMethodWorker.java:127)
	at org.testng.internal.TestMethodWorker.run(TestMethodWorker.java:111)
	at org.testng.TestRunner.privateRun(TestRunner.java:767)
	at org.testng.TestRunner.run(TestRunner.java:617)
	at org.testng.SuiteRunner.runTest(SuiteRunner.java:334)
	at org.testng.SuiteRunner.runSequentially(SuiteRunner.java:329)
	at org.testng.SuiteRunner.privateRun(SuiteRunner.java:291)
	at org.testng.SuiteRunner.run(SuiteRunner.java:240)
	at org.testng.SuiteRunnerWorker.runSuite(SuiteRunnerWorker.java:52)
	at org.testng.SuiteRunnerWorker.run(SuiteRunnerWorker.java:86)
	at org.testng.TestNG.runSuitesSequentially(TestNG.java:1198)
	at org.testng.TestNG.runSuitesLocally(TestNG.java:1123)
	at org.testng.TestNG.run(TestNG.java:1031)
	at org.apache.maven.surefire.testng.TestNGExecutor.run(TestNGExecutor.java:77)
	at org.apache.maven.surefire.testng.TestNGDirectoryTestSuite.executeMulti(TestNGDirectoryTestSuite.java:189)
	at org.apache.maven.surefire.testng.TestNGDirectoryTestSuite.execute(TestNGDirectoryTestSuite.java:105)
	at org.apache.maven.surefire.testng.TestNGProvider.invoke(TestNGProvider.java:117)
	at sun.reflect.NativeMethodAccessorImpl.invoke0(Native Method)
	at sun.reflect.NativeMethodAccessorImpl.invoke(NativeMethodAccessorImpl.java:57)
	at sun.reflect.DelegatingMethodAccessorImpl.invoke(DelegatingMethodAccessorImpl.java:43)
	at java.lang.reflect.Method.invoke(Method.java:601)
	at org.apache.maven.surefire.util.ReflectionUtils.invokeMethodWithArray2(ReflectionUtils.java:208)
	at org.apache.maven.surefire.booter.ProviderFactory$ProviderProxy.invoke(ProviderFactory.java:158)
	at org.apache.maven.surefire.booter.ProviderFactory.invokeProvider(ProviderFactory.java:86)
	at org.apache.maven.surefire.booter.ForkedBooter.runSuitesInProcess(ForkedBooter.java:153)
	at org.apache.maven.surefire.booter.ForkedBooter.main(ForkedBooter.java:95)
Caused by: MismatchedTokenException(73!=-1)
	at com.facebook.presto.sql.parser.StatementParser.recoverFromMismatchedToken(StatementParser.java:263)
	at org.antlr.runtime.BaseRecognizer.match(BaseRecognizer.java:115)
	at com.facebook.presto.sql.parser.StatementParser.singleStatement(StatementParser.java:325)
	... 37 more
]]>
            </full-stacktrace>
          </exception> <!-- com.facebook.presto.sql.parser.ParsingException -->
          <reporter-output>
          </reporter-output>
        </test-method> <!-- testParseErrorStartOfLine -->
        <test-method status="PASS" signature="testParsingExceptionPositionInfo()[pri:0, instance:com.facebook.presto.sql.parser.TestSqlParser@66c9153e]" name="testParsingExceptionPositionInfo" duration-ms="2" started-at="2014-05-07T06:42:09Z" finished-at="2014-05-07T06:42:09Z">
          <reporter-output>
          </reporter-output>
        </test-method> <!-- testParsingExceptionPositionInfo -->
        <test-method status="PASS" signature="testPossibleExponentialBacktracking()[pri:0, instance:com.facebook.presto.sql.parser.TestSqlParser@66c9153e]" name="testPossibleExponentialBacktracking" duration-ms="7" started-at="2014-05-07T06:42:09Z" finished-at="2014-05-07T06:42:09Z">
          <reporter-output>
          </reporter-output>
        </test-method> <!-- testPossibleExponentialBacktracking -->
        <test-method status="PASS" signature="testStackOverflowExpression()[pri:0, instance:com.facebook.presto.sql.parser.TestSqlParser@66c9153e]" name="testStackOverflowExpression" duration-ms="240" started-at="2014-05-07T06:42:09Z" finished-at="2014-05-07T06:42:09Z">
          <exception class="com.facebook.presto.sql.parser.ParsingException">
            <message>
              <![CDATA[line 1:1: expression is too large (stack overflow while parsing)]]>
            </message>
            <full-stacktrace>
              <![CDATA[com.facebook.presto.sql.parser.ParsingException: line 1:1: expression is too large (stack overflow while parsing)
	at com.facebook.presto.sql.parser.SqlParser.createExpression(SqlParser.java:48)
	at com.facebook.presto.sql.parser.TestSqlParser.testStackOverflowExpression(TestSqlParser.java:244)
	at sun.reflect.NativeMethodAccessorImpl.invoke0(Native Method)
	at sun.reflect.NativeMethodAccessorImpl.invoke(NativeMethodAccessorImpl.java:57)
	at sun.reflect.DelegatingMethodAccessorImpl.invoke(DelegatingMethodAccessorImpl.java:43)
	at java.lang.reflect.Method.invoke(Method.java:601)
	at org.testng.internal.MethodInvocationHelper.invokeMethod(MethodInvocationHelper.java:80)
	at org.testng.internal.Invoker.invokeMethod(Invoker.java:714)
	at org.testng.internal.Invoker.invokeTestMethod(Invoker.java:901)
	at org.testng.internal.Invoker.invokeTestMethods(Invoker.java:1231)
	at org.testng.internal.TestMethodWorker.invokeTestMethods(TestMethodWorker.java:127)
	at org.testng.internal.TestMethodWorker.run(TestMethodWorker.java:111)
	at org.testng.TestRunner.privateRun(TestRunner.java:767)
	at org.testng.TestRunner.run(TestRunner.java:617)
	at org.testng.SuiteRunner.runTest(SuiteRunner.java:334)
	at org.testng.SuiteRunner.runSequentially(SuiteRunner.java:329)
	at org.testng.SuiteRunner.privateRun(SuiteRunner.java:291)
	at org.testng.SuiteRunner.run(SuiteRunner.java:240)
	at org.testng.SuiteRunnerWorker.runSuite(SuiteRunnerWorker.java:52)
	at org.testng.SuiteRunnerWorker.run(SuiteRunnerWorker.java:86)
	at org.testng.TestNG.runSuitesSequentially(TestNG.java:1198)
	at org.testng.TestNG.runSuitesLocally(TestNG.java:1123)
	at org.testng.TestNG.run(TestNG.java:1031)
	at org.apache.maven.surefire.testng.TestNGExecutor.run(TestNGExecutor.java:77)
	at org.apache.maven.surefire.testng.TestNGDirectoryTestSuite.executeMulti(TestNGDirectoryTestSuite.java:189)
	at org.apache.maven.surefire.testng.TestNGDirectoryTestSuite.execute(TestNGDirectoryTestSuite.java:105)
	at org.apache.maven.surefire.testng.TestNGProvider.invoke(TestNGProvider.java:117)
	at sun.reflect.NativeMethodAccessorImpl.invoke0(Native Method)
	at sun.reflect.NativeMethodAccessorImpl.invoke(NativeMethodAccessorImpl.java:57)
	at sun.reflect.DelegatingMethodAccessorImpl.invoke(DelegatingMethodAccessorImpl.java:43)
	at java.lang.reflect.Method.invoke(Method.java:601)
	at org.apache.maven.surefire.util.ReflectionUtils.invokeMethodWithArray2(ReflectionUtils.java:208)
	at org.apache.maven.surefire.booter.ProviderFactory$ProviderProxy.invoke(ProviderFactory.java:158)
	at org.apache.maven.surefire.booter.ProviderFactory.invokeProvider(ProviderFactory.java:86)
	at org.apache.maven.surefire.booter.ForkedBooter.runSuitesInProcess(ForkedBooter.java:153)
	at org.apache.maven.surefire.booter.ForkedBooter.main(ForkedBooter.java:95)
Caused by: org.antlr.runtime.RecognitionException
	at com.facebook.presto.sql.parser.ParsingException.<init>(ParsingException.java:31)
	... 36 more
]]>
            </full-stacktrace>
          </exception> <!-- com.facebook.presto.sql.parser.ParsingException -->
          <reporter-output>
          </reporter-output>
        </test-method> <!-- testStackOverflowExpression -->
        <test-method status="PASS" signature="testStackOverflowStatement()[pri:0, instance:com.facebook.presto.sql.parser.TestSqlParser@66c9153e]" name="testStackOverflowStatement" duration-ms="222" started-at="2014-05-07T06:42:09Z" finished-at="2014-05-07T06:42:10Z">
          <exception class="com.facebook.presto.sql.parser.ParsingException">
            <message>
              <![CDATA[line 1:1: statement is too large (stack overflow while parsing)]]>
            </message>
            <full-stacktrace>
              <![CDATA[com.facebook.presto.sql.parser.ParsingException: line 1:1: statement is too large (stack overflow while parsing)
	at com.facebook.presto.sql.parser.SqlParser.createStatement(SqlParser.java:38)
	at com.facebook.presto.sql.parser.TestSqlParser.testStackOverflowStatement(TestSqlParser.java:250)
	at sun.reflect.NativeMethodAccessorImpl.invoke0(Native Method)
	at sun.reflect.NativeMethodAccessorImpl.invoke(NativeMethodAccessorImpl.java:57)
	at sun.reflect.DelegatingMethodAccessorImpl.invoke(DelegatingMethodAccessorImpl.java:43)
	at java.lang.reflect.Method.invoke(Method.java:601)
	at org.testng.internal.MethodInvocationHelper.invokeMethod(MethodInvocationHelper.java:80)
	at org.testng.internal.Invoker.invokeMethod(Invoker.java:714)
	at org.testng.internal.Invoker.invokeTestMethod(Invoker.java:901)
	at org.testng.internal.Invoker.invokeTestMethods(Invoker.java:1231)
	at org.testng.internal.TestMethodWorker.invokeTestMethods(TestMethodWorker.java:127)
	at org.testng.internal.TestMethodWorker.run(TestMethodWorker.java:111)
	at org.testng.TestRunner.privateRun(TestRunner.java:767)
	at org.testng.TestRunner.run(TestRunner.java:617)
	at org.testng.SuiteRunner.runTest(SuiteRunner.java:334)
	at org.testng.SuiteRunner.runSequentially(SuiteRunner.java:329)
	at org.testng.SuiteRunner.privateRun(SuiteRunner.java:291)
	at org.testng.SuiteRunner.run(SuiteRunner.java:240)
	at org.testng.SuiteRunnerWorker.runSuite(SuiteRunnerWorker.java:52)
	at org.testng.SuiteRunnerWorker.run(SuiteRunnerWorker.java:86)
	at org.testng.TestNG.runSuitesSequentially(TestNG.java:1198)
	at org.testng.TestNG.runSuitesLocally(TestNG.java:1123)
	at org.testng.TestNG.run(TestNG.java:1031)
	at org.apache.maven.surefire.testng.TestNGExecutor.run(TestNGExecutor.java:77)
	at org.apache.maven.surefire.testng.TestNGDirectoryTestSuite.executeMulti(TestNGDirectoryTestSuite.java:189)
	at org.apache.maven.surefire.testng.TestNGDirectoryTestSuite.execute(TestNGDirectoryTestSuite.java:105)
	at org.apache.maven.surefire.testng.TestNGProvider.invoke(TestNGProvider.java:117)
	at sun.reflect.NativeMethodAccessorImpl.invoke0(Native Method)
	at sun.reflect.NativeMethodAccessorImpl.invoke(NativeMethodAccessorImpl.java:57)
	at sun.reflect.DelegatingMethodAccessorImpl.invoke(DelegatingMethodAccessorImpl.java:43)
	at java.lang.reflect.Method.invoke(Method.java:601)
	at org.apache.maven.surefire.util.ReflectionUtils.invokeMethodWithArray2(ReflectionUtils.java:208)
	at org.apache.maven.surefire.booter.ProviderFactory$ProviderProxy.invoke(ProviderFactory.java:158)
	at org.apache.maven.surefire.booter.ProviderFactory.invokeProvider(ProviderFactory.java:86)
	at org.apache.maven.surefire.booter.ForkedBooter.runSuitesInProcess(ForkedBooter.java:153)
	at org.apache.maven.surefire.booter.ForkedBooter.main(ForkedBooter.java:95)
Caused by: org.antlr.runtime.RecognitionException
	at com.facebook.presto.sql.parser.ParsingException.<init>(ParsingException.java:31)
	... 36 more
]]>
            </full-stacktrace>
          </exception> <!-- com.facebook.presto.sql.parser.ParsingException -->
          <reporter-output>
          </reporter-output>
        </test-method> <!-- testStackOverflowStatement -->
        <test-method status="PASS" signature="testTime()[pri:0, instance:com.facebook.presto.sql.parser.TestSqlParser@66c9153e]" name="testTime" duration-ms="5" started-at="2014-05-07T06:42:10Z" finished-at="2014-05-07T06:42:10Z">
          <reporter-output>
          </reporter-output>
        </test-method> <!-- testTime -->
        <test-method status="PASS" signature="testTokenizeErrorIncompleteToken()[pri:0, instance:com.facebook.presto.sql.parser.TestSqlParser@66c9153e]" name="testTokenizeErrorIncompleteToken" duration-ms="1" started-at="2014-05-07T06:42:10Z" finished-at="2014-05-07T06:42:10Z">
          <exception class="com.facebook.presto.sql.parser.ParsingException">
            <message>
              <![CDATA[line 1:20: mismatched character '<EOF>' expecting ''']]>
            </message>
            <full-stacktrace>
              <![CDATA[com.facebook.presto.sql.parser.ParsingException: line 1:20: mismatched character '<EOF>' expecting '''
	at com.facebook.presto.sql.parser.StatementLexer.reportError(StatementLexer.java:223)
	at org.antlr.runtime.Lexer.nextToken(Lexer.java:103)
	at org.antlr.runtime.BufferedTokenStream.fetch(BufferedTokenStream.java:133)
	at org.antlr.runtime.BufferedTokenStream.sync(BufferedTokenStream.java:127)
	at org.antlr.runtime.CommonTokenStream.consume(CommonTokenStream.java:70)
	at org.antlr.runtime.BaseRecognizer.match(BaseRecognizer.java:106)
	at com.facebook.presto.sql.parser.StatementParser.fromClause(StatementParser.java:2646)
	at com.facebook.presto.sql.parser.StatementParser.simpleQuery(StatementParser.java:2189)
	at com.facebook.presto.sql.parser.StatementParser.orderOrLimitQuerySpec(StatementParser.java:1224)
	at com.facebook.presto.sql.parser.StatementParser.synpred1_Statement_fragment(StatementParser.java:20031)
	at com.facebook.presto.sql.parser.StatementParser.synpred1_Statement(StatementParser.java:20105)
	at com.facebook.presto.sql.parser.StatementParser.queryExpr(StatementParser.java:1049)
	at com.facebook.presto.sql.parser.StatementParser.query(StatementParser.java:913)
	at com.facebook.presto.sql.parser.StatementParser.statement(StatementParser.java:657)
	at com.facebook.presto.sql.parser.StatementParser.singleStatement(StatementParser.java:319)
	at com.facebook.presto.sql.parser.SqlParser.parseStatement(SqlParser.java:81)
	at com.facebook.presto.sql.parser.SqlParser.createStatement(SqlParser.java:35)
	at com.facebook.presto.sql.parser.TestSqlParser.testTokenizeErrorIncompleteToken(TestSqlParser.java:127)
	at sun.reflect.NativeMethodAccessorImpl.invoke0(Native Method)
	at sun.reflect.NativeMethodAccessorImpl.invoke(NativeMethodAccessorImpl.java:57)
	at sun.reflect.DelegatingMethodAccessorImpl.invoke(DelegatingMethodAccessorImpl.java:43)
	at java.lang.reflect.Method.invoke(Method.java:601)
	at org.testng.internal.MethodInvocationHelper.invokeMethod(MethodInvocationHelper.java:80)
	at org.testng.internal.Invoker.invokeMethod(Invoker.java:714)
	at org.testng.internal.Invoker.invokeTestMethod(Invoker.java:901)
	at org.testng.internal.Invoker.invokeTestMethods(Invoker.java:1231)
	at org.testng.internal.TestMethodWorker.invokeTestMethods(TestMethodWorker.java:127)
	at org.testng.internal.TestMethodWorker.run(TestMethodWorker.java:111)
	at org.testng.TestRunner.privateRun(TestRunner.java:767)
	at org.testng.TestRunner.run(TestRunner.java:617)
	at org.testng.SuiteRunner.runTest(SuiteRunner.java:334)
	at org.testng.SuiteRunner.runSequentially(SuiteRunner.java:329)
	at org.testng.SuiteRunner.privateRun(SuiteRunner.java:291)
	at org.testng.SuiteRunner.run(SuiteRunner.java:240)
	at org.testng.SuiteRunnerWorker.runSuite(SuiteRunnerWorker.java:52)
	at org.testng.SuiteRunnerWorker.run(SuiteRunnerWorker.java:86)
	at org.testng.TestNG.runSuitesSequentially(TestNG.java:1198)
	at org.testng.TestNG.runSuitesLocally(TestNG.java:1123)
	at org.testng.TestNG.run(TestNG.java:1031)
	at org.apache.maven.surefire.testng.TestNGExecutor.run(TestNGExecutor.java:77)
	at org.apache.maven.surefire.testng.TestNGDirectoryTestSuite.executeMulti(TestNGDirectoryTestSuite.java:189)
	at org.apache.maven.surefire.testng.TestNGDirectoryTestSuite.execute(TestNGDirectoryTestSuite.java:105)
	at org.apache.maven.surefire.testng.TestNGProvider.invoke(TestNGProvider.java:117)
	at sun.reflect.NativeMethodAccessorImpl.invoke0(Native Method)
	at sun.reflect.NativeMethodAccessorImpl.invoke(NativeMethodAccessorImpl.java:57)
	at sun.reflect.DelegatingMethodAccessorImpl.invoke(DelegatingMethodAccessorImpl.java:43)
	at java.lang.reflect.Method.invoke(Method.java:601)
	at org.apache.maven.surefire.util.ReflectionUtils.invokeMethodWithArray2(ReflectionUtils.java:208)
	at org.apache.maven.surefire.booter.ProviderFactory$ProviderProxy.invoke(ProviderFactory.java:158)
	at org.apache.maven.surefire.booter.ProviderFactory.invokeProvider(ProviderFactory.java:86)
	at org.apache.maven.surefire.booter.ForkedBooter.runSuitesInProcess(ForkedBooter.java:153)
	at org.apache.maven.surefire.booter.ForkedBooter.main(ForkedBooter.java:95)
Caused by: MismatchedTokenException(-1!=39)
	at org.antlr.runtime.Lexer.match(Lexer.java:197)
	at com.facebook.presto.sql.parser.StatementLexer.mSTRING(StatementLexer.java:3374)
	at com.facebook.presto.sql.parser.StatementLexer.mTokens(StatementLexer.java:5826)
	at org.antlr.runtime.Lexer.nextToken(Lexer.java:89)
	... 50 more
]]>
            </full-stacktrace>
          </exception> <!-- com.facebook.presto.sql.parser.ParsingException -->
          <reporter-output>
          </reporter-output>
        </test-method> <!-- testTokenizeErrorIncompleteToken -->
        <test-method status="PASS" signature="testTokenizeErrorMiddleOfLine()[pri:0, instance:com.facebook.presto.sql.parser.TestSqlParser@66c9153e]" name="testTokenizeErrorMiddleOfLine" duration-ms="1" started-at="2014-05-07T06:42:10Z" finished-at="2014-05-07T06:42:10Z">
          <exception class="com.facebook.presto.sql.parser.ParsingException">
            <message>
              <![CDATA[line 1:25: no viable alternative at character '@']]>
            </message>
            <full-stacktrace>
              <![CDATA[com.facebook.presto.sql.parser.ParsingException: line 1:25: no viable alternative at character '@'
	at com.facebook.presto.sql.parser.StatementLexer.reportError(StatementLexer.java:223)
	at org.antlr.runtime.Lexer.nextToken(Lexer.java:107)
	at org.antlr.runtime.BufferedTokenStream.fetch(BufferedTokenStream.java:133)
	at org.antlr.runtime.BufferedTokenStream.sync(BufferedTokenStream.java:127)
	at org.antlr.runtime.CommonTokenStream.consume(CommonTokenStream.java:70)
	at org.antlr.runtime.BaseRecognizer.match(BaseRecognizer.java:106)
	at com.facebook.presto.sql.parser.StatementParser.whereClause(StatementParser.java:2789)
	at com.facebook.presto.sql.parser.StatementParser.simpleQuery(StatementParser.java:2216)
	at com.facebook.presto.sql.parser.StatementParser.orderOrLimitQuerySpec(StatementParser.java:1224)
	at com.facebook.presto.sql.parser.StatementParser.synpred1_Statement_fragment(StatementParser.java:20031)
	at com.facebook.presto.sql.parser.StatementParser.synpred1_Statement(StatementParser.java:20105)
	at com.facebook.presto.sql.parser.StatementParser.queryExpr(StatementParser.java:1049)
	at com.facebook.presto.sql.parser.StatementParser.query(StatementParser.java:913)
	at com.facebook.presto.sql.parser.StatementParser.statement(StatementParser.java:657)
	at com.facebook.presto.sql.parser.StatementParser.singleStatement(StatementParser.java:319)
	at com.facebook.presto.sql.parser.SqlParser.parseStatement(SqlParser.java:81)
	at com.facebook.presto.sql.parser.SqlParser.createStatement(SqlParser.java:35)
	at com.facebook.presto.sql.parser.TestSqlParser.testTokenizeErrorMiddleOfLine(TestSqlParser.java:121)
	at sun.reflect.NativeMethodAccessorImpl.invoke0(Native Method)
	at sun.reflect.NativeMethodAccessorImpl.invoke(NativeMethodAccessorImpl.java:57)
	at sun.reflect.DelegatingMethodAccessorImpl.invoke(DelegatingMethodAccessorImpl.java:43)
	at java.lang.reflect.Method.invoke(Method.java:601)
	at org.testng.internal.MethodInvocationHelper.invokeMethod(MethodInvocationHelper.java:80)
	at org.testng.internal.Invoker.invokeMethod(Invoker.java:714)
	at org.testng.internal.Invoker.invokeTestMethod(Invoker.java:901)
	at org.testng.internal.Invoker.invokeTestMethods(Invoker.java:1231)
	at org.testng.internal.TestMethodWorker.invokeTestMethods(TestMethodWorker.java:127)
	at org.testng.internal.TestMethodWorker.run(TestMethodWorker.java:111)
	at org.testng.TestRunner.privateRun(TestRunner.java:767)
	at org.testng.TestRunner.run(TestRunner.java:617)
	at org.testng.SuiteRunner.runTest(SuiteRunner.java:334)
	at org.testng.SuiteRunner.runSequentially(SuiteRunner.java:329)
	at org.testng.SuiteRunner.privateRun(SuiteRunner.java:291)
	at org.testng.SuiteRunner.run(SuiteRunner.java:240)
	at org.testng.SuiteRunnerWorker.runSuite(SuiteRunnerWorker.java:52)
	at org.testng.SuiteRunnerWorker.run(SuiteRunnerWorker.java:86)
	at org.testng.TestNG.runSuitesSequentially(TestNG.java:1198)
	at org.testng.TestNG.runSuitesLocally(TestNG.java:1123)
	at org.testng.TestNG.run(TestNG.java:1031)
	at org.apache.maven.surefire.testng.TestNGExecutor.run(TestNGExecutor.java:77)
	at org.apache.maven.surefire.testng.TestNGDirectoryTestSuite.executeMulti(TestNGDirectoryTestSuite.java:189)
	at org.apache.maven.surefire.testng.TestNGDirectoryTestSuite.execute(TestNGDirectoryTestSuite.java:105)
	at org.apache.maven.surefire.testng.TestNGProvider.invoke(TestNGProvider.java:117)
	at sun.reflect.NativeMethodAccessorImpl.invoke0(Native Method)
	at sun.reflect.NativeMethodAccessorImpl.invoke(NativeMethodAccessorImpl.java:57)
	at sun.reflect.DelegatingMethodAccessorImpl.invoke(DelegatingMethodAccessorImpl.java:43)
	at java.lang.reflect.Method.invoke(Method.java:601)
	at org.apache.maven.surefire.util.ReflectionUtils.invokeMethodWithArray2(ReflectionUtils.java:208)
	at org.apache.maven.surefire.booter.ProviderFactory$ProviderProxy.invoke(ProviderFactory.java:158)
	at org.apache.maven.surefire.booter.ProviderFactory.invokeProvider(ProviderFactory.java:86)
	at org.apache.maven.surefire.booter.ForkedBooter.runSuitesInProcess(ForkedBooter.java:153)
	at org.apache.maven.surefire.booter.ForkedBooter.main(ForkedBooter.java:95)
Caused by: NoViableAltException('@'@[1:1: Tokens : ( T__199 | T__200 | T__201 | T__202 | T__203 | T__204 | T__205 | T__206 | T__207 | T__208 | SELECT | FROM | AS | ALL | DISTINCT | WHERE | GROUP | BY | ORDER | HAVING | LIMIT | OR | AND | IN | NOT | EXISTS | BETWEEN | LIKE | IS | NULL | TRUE | FALSE | NULLS | FIRST | LAST | ESCAPE | ASC | DESC | SUBSTRING | FOR | DATE | TIME | TIMESTAMP | INTERVAL | YEAR | MONTH | DAY | HOUR | MINUTE | SECOND | CURRENT_DATE | CURRENT_TIME | CURRENT_TIMESTAMP | EXTRACT | COALESCE | NULLIF | CASE | WHEN | THEN | ELSE | END | IF | JOIN | CROSS | OUTER | INNER | LEFT | RIGHT | FULL | NATURAL | USING | ON | OVER | PARTITION | RANGE | ROWS | UNBOUNDED | PRECEDING | FOLLOWING | CURRENT | ROW | WITH | RECURSIVE | CREATE | TABLE | CHAR | CHARACTER | VARYING | VARCHAR | NUMERIC | NUMBER | DECIMAL | DEC | INTEGER | INT | DOUBLE | BIGINT | BOOLEAN | CONSTRAINT | DESCRIBE | EXPLAIN | FORMAT | TYPE | TEXT | GRAPHVIZ | LOGICAL | DISTRIBUTED | CAST | SHOW | TABLES | SCHEMAS | CATALOGS | COLUMNS | PARTITIONS | FUNCTIONS | MATERIALIZED | VIEW | REFRESH | DROP | ALIAS | UNION | EXCEPT | INTERSECT | SYSTEM | BERNOULLI | TABLESAMPLE | STRATIFY | EQ | NEQ | LT | LTE | GT | GTE | STRING | INTEGER_VALUE | DECIMAL_VALUE | IDENT | DIGIT_IDENT | QUOTED_IDENT | BACKQUOTED_IDENT | COLON_IDENT | COMMENT | WS );])
	at org.antlr.runtime.DFA.noViableAlt(DFA.java:158)
	at org.antlr.runtime.DFA.predict(DFA.java:116)
	at com.facebook.presto.sql.parser.StatementLexer.mTokens(StatementLexer.java:4757)
	at org.antlr.runtime.Lexer.nextToken(Lexer.java:89)
	... 50 more
]]>
            </full-stacktrace>
          </exception> <!-- com.facebook.presto.sql.parser.ParsingException -->
          <reporter-output>
          </reporter-output>
        </test-method> <!-- testTokenizeErrorMiddleOfLine -->
        <test-method status="PASS" signature="testTokenizeErrorStartOfLine()[pri:0, instance:com.facebook.presto.sql.parser.TestSqlParser@66c9153e]" name="testTokenizeErrorStartOfLine" duration-ms="0" started-at="2014-05-07T06:42:10Z" finished-at="2014-05-07T06:42:10Z">
          <exception class="com.facebook.presto.sql.parser.ParsingException">
            <message>
              <![CDATA[line 1:1: no viable alternative at character '@']]>
            </message>
            <full-stacktrace>
              <![CDATA[com.facebook.presto.sql.parser.ParsingException: line 1:1: no viable alternative at character '@'
	at com.facebook.presto.sql.parser.StatementLexer.reportError(StatementLexer.java:223)
	at org.antlr.runtime.Lexer.nextToken(Lexer.java:107)
	at org.antlr.runtime.BufferedTokenStream.fetch(BufferedTokenStream.java:133)
	at org.antlr.runtime.BufferedTokenStream.sync(BufferedTokenStream.java:127)
	at org.antlr.runtime.CommonTokenStream.setup(CommonTokenStream.java:132)
	at org.antlr.runtime.CommonTokenStream.LT(CommonTokenStream.java:91)
	at com.facebook.presto.sql.parser.StatementParser.singleStatement(StatementParser.java:299)
	at com.facebook.presto.sql.parser.SqlParser.parseStatement(SqlParser.java:81)
	at com.facebook.presto.sql.parser.SqlParser.createStatement(SqlParser.java:35)
	at com.facebook.presto.sql.parser.TestSqlParser.testTokenizeErrorStartOfLine(TestSqlParser.java:115)
	at sun.reflect.NativeMethodAccessorImpl.invoke0(Native Method)
	at sun.reflect.NativeMethodAccessorImpl.invoke(NativeMethodAccessorImpl.java:57)
	at sun.reflect.DelegatingMethodAccessorImpl.invoke(DelegatingMethodAccessorImpl.java:43)
	at java.lang.reflect.Method.invoke(Method.java:601)
	at org.testng.internal.MethodInvocationHelper.invokeMethod(MethodInvocationHelper.java:80)
	at org.testng.internal.Invoker.invokeMethod(Invoker.java:714)
	at org.testng.internal.Invoker.invokeTestMethod(Invoker.java:901)
	at org.testng.internal.Invoker.invokeTestMethods(Invoker.java:1231)
	at org.testng.internal.TestMethodWorker.invokeTestMethods(TestMethodWorker.java:127)
	at org.testng.internal.TestMethodWorker.run(TestMethodWorker.java:111)
	at org.testng.TestRunner.privateRun(TestRunner.java:767)
	at org.testng.TestRunner.run(TestRunner.java:617)
	at org.testng.SuiteRunner.runTest(SuiteRunner.java:334)
	at org.testng.SuiteRunner.runSequentially(SuiteRunner.java:329)
	at org.testng.SuiteRunner.privateRun(SuiteRunner.java:291)
	at org.testng.SuiteRunner.run(SuiteRunner.java:240)
	at org.testng.SuiteRunnerWorker.runSuite(SuiteRunnerWorker.java:52)
	at org.testng.SuiteRunnerWorker.run(SuiteRunnerWorker.java:86)
	at org.testng.TestNG.runSuitesSequentially(TestNG.java:1198)
	at org.testng.TestNG.runSuitesLocally(TestNG.java:1123)
	at org.testng.TestNG.run(TestNG.java:1031)
	at org.apache.maven.surefire.testng.TestNGExecutor.run(TestNGExecutor.java:77)
	at org.apache.maven.surefire.testng.TestNGDirectoryTestSuite.executeMulti(TestNGDirectoryTestSuite.java:189)
	at org.apache.maven.surefire.testng.TestNGDirectoryTestSuite.execute(TestNGDirectoryTestSuite.java:105)
	at org.apache.maven.surefire.testng.TestNGProvider.invoke(TestNGProvider.java:117)
	at sun.reflect.NativeMethodAccessorImpl.invoke0(Native Method)
	at sun.reflect.NativeMethodAccessorImpl.invoke(NativeMethodAccessorImpl.java:57)
	at sun.reflect.DelegatingMethodAccessorImpl.invoke(DelegatingMethodAccessorImpl.java:43)
	at java.lang.reflect.Method.invoke(Method.java:601)
	at org.apache.maven.surefire.util.ReflectionUtils.invokeMethodWithArray2(ReflectionUtils.java:208)
	at org.apache.maven.surefire.booter.ProviderFactory$ProviderProxy.invoke(ProviderFactory.java:158)
	at org.apache.maven.surefire.booter.ProviderFactory.invokeProvider(ProviderFactory.java:86)
	at org.apache.maven.surefire.booter.ForkedBooter.runSuitesInProcess(ForkedBooter.java:153)
	at org.apache.maven.surefire.booter.ForkedBooter.main(ForkedBooter.java:95)
Caused by: NoViableAltException('@'@[1:1: Tokens : ( T__199 | T__200 | T__201 | T__202 | T__203 | T__204 | T__205 | T__206 | T__207 | T__208 | SELECT | FROM | AS | ALL | DISTINCT | WHERE | GROUP | BY | ORDER | HAVING | LIMIT | OR | AND | IN | NOT | EXISTS | BETWEEN | LIKE | IS | NULL | TRUE | FALSE | NULLS | FIRST | LAST | ESCAPE | ASC | DESC | SUBSTRING | FOR | DATE | TIME | TIMESTAMP | INTERVAL | YEAR | MONTH | DAY | HOUR | MINUTE | SECOND | CURRENT_DATE | CURRENT_TIME | CURRENT_TIMESTAMP | EXTRACT | COALESCE | NULLIF | CASE | WHEN | THEN | ELSE | END | IF | JOIN | CROSS | OUTER | INNER | LEFT | RIGHT | FULL | NATURAL | USING | ON | OVER | PARTITION | RANGE | ROWS | UNBOUNDED | PRECEDING | FOLLOWING | CURRENT | ROW | WITH | RECURSIVE | CREATE | TABLE | CHAR | CHARACTER | VARYING | VARCHAR | NUMERIC | NUMBER | DECIMAL | DEC | INTEGER | INT | DOUBLE | BIGINT | BOOLEAN | CONSTRAINT | DESCRIBE | EXPLAIN | FORMAT | TYPE | TEXT | GRAPHVIZ | LOGICAL | DISTRIBUTED | CAST | SHOW | TABLES | SCHEMAS | CATALOGS | COLUMNS | PARTITIONS | FUNCTIONS | MATERIALIZED | VIEW | REFRESH | DROP | ALIAS | UNION | EXCEPT | INTERSECT | SYSTEM | BERNOULLI | TABLESAMPLE | STRATIFY | EQ | NEQ | LT | LTE | GT | GTE | STRING | INTEGER_VALUE | DECIMAL_VALUE | IDENT | DIGIT_IDENT | QUOTED_IDENT | BACKQUOTED_IDENT | COLON_IDENT | COMMENT | WS );])
	at org.antlr.runtime.DFA.noViableAlt(DFA.java:158)
	at org.antlr.runtime.DFA.predict(DFA.java:116)
	at com.facebook.presto.sql.parser.StatementLexer.mTokens(StatementLexer.java:4757)
	at org.antlr.runtime.Lexer.nextToken(Lexer.java:89)
	... 42 more
]]>
            </full-stacktrace>
          </exception> <!-- com.facebook.presto.sql.parser.ParsingException -->
          <reporter-output>
          </reporter-output>
        </test-method> <!-- testTokenizeErrorStartOfLine -->
      </class> <!-- com.facebook.presto.sql.parser.TestSqlParser -->
      <class name="com.facebook.presto.sql.parser.TestStatementSplitter">
        <test-method status="PASS" signature="testSplitterCustomDelimiters()[pri:0, instance:com.facebook.presto.sql.parser.TestStatementSplitter@269d5241]" name="testSplitterCustomDelimiters" duration-ms="6" started-at="2014-05-07T06:42:10Z" finished-at="2014-05-07T06:42:10Z">
          <reporter-output>
          </reporter-output>
        </test-method> <!-- testSplitterCustomDelimiters -->
        <test-method status="PASS" signature="testSplitterEmptyInput()[pri:0, instance:com.facebook.presto.sql.parser.TestStatementSplitter@269d5241]" name="testSplitterEmptyInput" duration-ms="1" started-at="2014-05-07T06:42:10Z" finished-at="2014-05-07T06:42:10Z">
          <reporter-output>
          </reporter-output>
        </test-method> <!-- testSplitterEmptyInput -->
        <test-method status="PASS" signature="testSplitterErrorAfterComplete()[pri:0, instance:com.facebook.presto.sql.parser.TestStatementSplitter@269d5241]" name="testSplitterErrorAfterComplete" duration-ms="1" started-at="2014-05-07T06:42:10Z" finished-at="2014-05-07T06:42:10Z">
          <reporter-output>
          </reporter-output>
        </test-method> <!-- testSplitterErrorAfterComplete -->
        <test-method status="PASS" signature="testSplitterEmptyStatements()[pri:0, instance:com.facebook.presto.sql.parser.TestStatementSplitter@269d5241]" name="testSplitterEmptyStatements" duration-ms="0" started-at="2014-05-07T06:42:10Z" finished-at="2014-05-07T06:42:10Z">
          <reporter-output>
          </reporter-output>
        </test-method> <!-- testSplitterEmptyStatements -->
        <test-method status="PASS" signature="testSplitterIncomplete()[pri:0, instance:com.facebook.presto.sql.parser.TestStatementSplitter@269d5241]" name="testSplitterIncomplete" duration-ms="1" started-at="2014-05-07T06:42:10Z" finished-at="2014-05-07T06:42:10Z">
          <reporter-output>
          </reporter-output>
        </test-method> <!-- testSplitterIncomplete -->
        <test-method status="PASS" signature="testSplitterErrorBeforeComplete()[pri:0, instance:com.facebook.presto.sql.parser.TestStatementSplitter@269d5241]" name="testSplitterErrorBeforeComplete" duration-ms="0" started-at="2014-05-07T06:42:10Z" finished-at="2014-05-07T06:42:10Z">
          <reporter-output>
          </reporter-output>
        </test-method> <!-- testSplitterErrorBeforeComplete -->
        <test-method status="PASS" signature="testSplitterMultiple()[pri:0, instance:com.facebook.presto.sql.parser.TestStatementSplitter@269d5241]" name="testSplitterMultiple" duration-ms="0" started-at="2014-05-07T06:42:10Z" finished-at="2014-05-07T06:42:10Z">
          <reporter-output>
          </reporter-output>
        </test-method> <!-- testSplitterMultiple -->
        <test-method status="PASS" signature="testSplitterMultipleWithEmpty()[pri:0, instance:com.facebook.presto.sql.parser.TestStatementSplitter@269d5241]" name="testSplitterMultipleWithEmpty" duration-ms="0" started-at="2014-05-07T06:42:10Z" finished-at="2014-05-07T06:42:10Z">
          <reporter-output>
          </reporter-output>
        </test-method> <!-- testSplitterMultipleWithEmpty -->
        <test-method status="PASS" signature="testSplitterSingle()[pri:0, instance:com.facebook.presto.sql.parser.TestStatementSplitter@269d5241]" name="testSplitterSingle" duration-ms="0" started-at="2014-05-07T06:42:10Z" finished-at="2014-05-07T06:42:10Z">
          <reporter-output>
          </reporter-output>
        </test-method> <!-- testSplitterSingle -->
        <test-method status="PASS" signature="testSplitterWithBackquote()[pri:0, instance:com.facebook.presto.sql.parser.TestStatementSplitter@269d5241]" name="testSplitterWithBackquote" duration-ms="0" started-at="2014-05-07T06:42:10Z" finished-at="2014-05-07T06:42:10Z">
          <reporter-output>
          </reporter-output>
        </test-method> <!-- testSplitterWithBackquote -->
        <test-method status="PASS" signature="testSplitterWithDigitIdentifier()[pri:0, instance:com.facebook.presto.sql.parser.TestStatementSplitter@269d5241]" name="testSplitterWithDigitIdentifier" duration-ms="0" started-at="2014-05-07T06:42:10Z" finished-at="2014-05-07T06:42:10Z">
          <reporter-output>
          </reporter-output>
        </test-method> <!-- testSplitterWithDigitIdentifier -->
        <test-method status="PASS" signature="testSplitterWithIncompleteQuotedString()[pri:0, instance:com.facebook.presto.sql.parser.TestStatementSplitter@269d5241]" name="testSplitterWithIncompleteQuotedString" duration-ms="0" started-at="2014-05-07T06:42:10Z" finished-at="2014-05-07T06:42:10Z">
          <reporter-output>
          </reporter-output>
        </test-method> <!-- testSplitterWithIncompleteQuotedString -->
        <test-method status="PASS" signature="testSplitterWithEscapedSingleQuote()[pri:0, instance:com.facebook.presto.sql.parser.TestStatementSplitter@269d5241]" name="testSplitterWithEscapedSingleQuote" duration-ms="0" started-at="2014-05-07T06:42:10Z" finished-at="2014-05-07T06:42:10Z">
          <reporter-output>
          </reporter-output>
        </test-method> <!-- testSplitterWithEscapedSingleQuote -->
        <test-method status="PASS" signature="testSplitterWithQuotedString()[pri:0, instance:com.facebook.presto.sql.parser.TestStatementSplitter@269d5241]" name="testSplitterWithQuotedString" duration-ms="0" started-at="2014-05-07T06:42:10Z" finished-at="2014-05-07T06:42:10Z">
          <reporter-output>
          </reporter-output>
        </test-method> <!-- testSplitterWithQuotedString -->
        <test-method status="PASS" signature="testSplitterWithQuotedIdentifier()[pri:0, instance:com.facebook.presto.sql.parser.TestStatementSplitter@269d5241]" name="testSplitterWithQuotedIdentifier" duration-ms="0" started-at="2014-05-07T06:42:10Z" finished-at="2014-05-07T06:42:10Z">
          <reporter-output>
          </reporter-output>
        </test-method> <!-- testSplitterWithQuotedIdentifier -->
        <test-method status="PASS" signature="testSqueezeStatementAlternateDelimiter()[pri:0, instance:com.facebook.presto.sql.parser.TestStatementSplitter@269d5241]" name="testSqueezeStatementAlternateDelimiter" duration-ms="1" started-at="2014-05-07T06:42:10Z" finished-at="2014-05-07T06:42:10Z">
          <reporter-output>
          </reporter-output>
        </test-method> <!-- testSqueezeStatementAlternateDelimiter -->
        <test-method status="PASS" signature="testSqueezeStatement()[pri:0, instance:com.facebook.presto.sql.parser.TestStatementSplitter@269d5241]" name="testSqueezeStatement" duration-ms="0" started-at="2014-05-07T06:42:10Z" finished-at="2014-05-07T06:42:10Z">
          <reporter-output>
          </reporter-output>
        </test-method> <!-- testSqueezeStatement -->
        <test-method status="PASS" signature="testSqueezeStatementError()[pri:0, instance:com.facebook.presto.sql.parser.TestStatementSplitter@269d5241]" name="testSqueezeStatementError" duration-ms="0" started-at="2014-05-07T06:42:10Z" finished-at="2014-05-07T06:42:10Z">
          <reporter-output>
          </reporter-output>
        </test-method> <!-- testSqueezeStatementError -->
        <test-method status="PASS" signature="testSqueezeStatementWithBackquote()[pri:0, instance:com.facebook.presto.sql.parser.TestStatementSplitter@269d5241]" name="testSqueezeStatementWithBackquote" duration-ms="1" started-at="2014-05-07T06:42:10Z" finished-at="2014-05-07T06:42:10Z">
          <reporter-output>
          </reporter-output>
        </test-method> <!-- testSqueezeStatementWithBackquote -->
        <test-method status="PASS" signature="testSqueezeStatementWithIncompleteQuotedString()[pri:0, instance:com.facebook.presto.sql.parser.TestStatementSplitter@269d5241]" name="testSqueezeStatementWithIncompleteQuotedString" duration-ms="0" started-at="2014-05-07T06:42:10Z" finished-at="2014-05-07T06:42:10Z">
          <reporter-output>
          </reporter-output>
        </test-method> <!-- testSqueezeStatementWithIncompleteQuotedString -->
      </class> <!-- com.facebook.presto.sql.parser.TestStatementSplitter -->
    </test> <!-- Command line test -->
  </suite> <!-- Command line suite -->
</testng-results>
