<html>
<head>
<title>TestNG:  Command line test</title>
<link href="../testng.css" rel="stylesheet" type="text/css" />
<link href="../my-testng.css" rel="stylesheet" type="text/css" />

<style type="text/css">
.log { display: none;} 
.stack-trace { display: none;} 
</style>
<script type="text/javascript">
<!--
function flip(e) {
  current = e.style.display;
  if (current == 'block') {
    e.style.display = 'none';
    return 0;
  }
  else {
    e.style.display = 'block';
    return 1;
  }
}

function toggleBox(szDivId, elem, msg1, msg2)
{
  var res = -1;  if (document.getElementById) {
    res = flip(document.getElementById(szDivId));
  }
  else if (document.all) {
    // this is the way old msie versions work
    res = flip(document.all[szDivId]);
  }
  if(elem) {
    if(res == 0) elem.innerHTML = msg1; else elem.innerHTML = msg2;
  }

}

function toggleAllBoxes() {
  if (document.getElementsByTagName) {
    d = document.getElementsByTagName('div');
    for (i = 0; i < d.length; i++) {
      if (d[i].className == 'log') {
        flip(d[i]);
      }
    }
  }
}

// -->
</script>

</head>
<body>
<h2 align='center'>Command line test</h2><table border='1' align="center">
<tr>
<td>Tests passed/Failed/Skipped:</td><td>6/0/0</td>
</tr><tr>
<td>Started on:</td><td>Wed May 07 07:04:10 UTC 2014</td>
</tr>
<tr><td>Total time:</td><td>17 seconds (17511 ms)</td>
</tr><tr>
<td>Included groups:</td><td></td>
</tr><tr>
<td>Excluded groups:</td><td></td>
</tr>
</table><p/>
<small><i>(Hover the method name to see the test class name)</i></small><p/>
<table width='100%' border='1' class='invocation-passed'>
<tr><td colspan='4' align='center'><b>PASSED TESTS</b></td></tr>
<tr><td><b>Test method</b></td>
<td width="30%"><b>Exception</b></td>
<td width="10%"><b>Time (seconds)</b></td>
<td><b>Instance</b></td>
</tr>
<tr>
<td title='com.facebook.presto.jdbc.TestDriver.testBadQuery()'><b>testBadQuery</b><br>Test class: com.facebook.presto.jdbc.TestDriver</td>
<td><div><pre>java.sql.SQLException: Query failed (#20140507_070416_00000_dqa5j): Schema default does not exist
	at com.facebook.presto.jdbc.PrestoResultSet.resultsException(PrestoResultSet.java:1568)
	at com.facebook.presto.jdbc.PrestoResultSet.getColumns(PrestoResultSet.java:1519)
	at com.facebook.presto.jdbc.PrestoResultSet.&lt;init&gt;(PrestoResultSet.java:78)
	at com.facebook.presto.jdbc.PrestoStatement.executeQuery(PrestoStatement.java:48)
	at com.facebook.presto.jdbc.TestDriver.testBadQuery(TestDriver.java:114)
	at org.apache.maven.surefire.testng.TestNGExecutor.run(TestNGExecutor.java:77)
	at org.apache.maven.surefire.testng.TestNGDirectoryTestSuite.executeMulti(TestNGDirectoryTestSuite.java:189)
	at org.apache.maven.surefire.testng.TestNGDirectoryTestSuite.execute(TestNGDirectoryTestSuite.java:105)
	at org.apache.maven.surefire.testng.TestNGProvider.invoke(TestNGProvider.java:117)
	at org.apache.maven.surefire.util.ReflectionUtils.invokeMethodWithArray2(ReflectionUtils.java:208)
	at org.apache.maven.surefire.booter.ProviderFactory$ProviderProxy.invoke(ProviderFactory.java:158)
	at org.apache.maven.surefire.booter.ProviderFactory.invokeProvider(ProviderFactory.java:86)
	at org.apache.maven.surefire.booter.ForkedBooter.runSuitesInProcess(ForkedBooter.java:153)
	at org.apache.maven.surefire.booter.ForkedBooter.main(ForkedBooter.java:95)
Caused by: com.facebook.presto.sql.analyzer.SemanticException: Schema default does not exist
	at com.facebook.presto.sql.analyzer.TupleAnalyzer.visitTable(TupleAnalyzer.java:146)
	at com.facebook.presto.sql.analyzer.TupleAnalyzer.visitTable(TupleAnalyzer.java:96)
	at com.facebook.presto.sql.tree.Table.accept(Table.java:36)
	at com.facebook.presto.sql.tree.AstVisitor.process(AstVisitor.java:22)
	at com.facebook.presto.sql.analyzer.TupleAnalyzer.analyzeFrom(TupleAnalyzer.java:704)
	at com.facebook.presto.sql.analyzer.TupleAnalyzer.visitQuerySpecification(TupleAnalyzer.java:257)
	at com.facebook.presto.sql.analyzer.TupleAnalyzer.visitQuerySpecification(TupleAnalyzer.java:96)
	at com.facebook.presto.sql.tree.QuerySpecification.accept(QuerySpecification.java:99)
	at com.facebook.presto.sql.tree.AstVisitor.process(AstVisitor.java:22)
	at com.facebook.presto.sql.analyzer.StatementAnalyzer.visitQuery(StatementAnalyzer.java:439)
	at com.facebook.presto.sql.analyzer.StatementAnalyzer.visitQuery(StatementAnalyzer.java:86)
	at com.facebook.presto.sql.tree.Query.accept(Query.java:71)
	at com.facebook.presto.sql.tree.AstVisitor.process(AstVisitor.java:22)
	at com.facebook.presto.sql.analyzer.Analyzer.analyze(Analyzer.java:50)
	at com.facebook.presto.execution.SqlQueryExecution.doAnalyzeQuery(SqlQueryExecution.java:198)
	at com.facebook.presto.execution.SqlQueryExecution.analyzeQuery(SqlQueryExecution.java:183)
	at com.facebook.presto.execution.SqlQueryExecution.start(SqlQueryExecution.java:142)
	at com.facebook.presto.execution.SqlQueryManager$QueryStarter.run(SqlQueryManager.java:388)
	at java.util.concurrent.Executors$RunnableAdapter.call(Executors.java:471)
	at java.util.concurrent.FutureTask$Sync.innerRun(FutureTask.java:334)
	at java.util.concurrent.FutureTask.run(FutureTask.java:166)
	at java.util.concurrent.ThreadPoolExecutor.runWorker(ThreadPoolExecutor.java:1110)
	at java.util.concurrent.ThreadPoolExecutor$Worker.run(ThreadPoolExecutor.java:603)
	at java.lang.Thread.run(Thread.java:722)
... Removed 25 stack frames</pre></div><a href='#' onClick='toggleBox("stack-trace108963663", this, "Click to show all stack frames", "Click to hide stack frames")'>Click to show all stack frames</a>
<div class='stack-trace' id='stack-trace108963663'><pre>java.sql.SQLException: Query failed (#20140507_070416_00000_dqa5j): Schema default does not exist
	at com.facebook.presto.jdbc.PrestoResultSet.resultsException(PrestoResultSet.java:1568)
	at com.facebook.presto.jdbc.PrestoResultSet.getColumns(PrestoResultSet.java:1519)
	at com.facebook.presto.jdbc.PrestoResultSet.&lt;init&gt;(PrestoResultSet.java:78)
	at com.facebook.presto.jdbc.PrestoStatement.executeQuery(PrestoStatement.java:48)
	at com.facebook.presto.jdbc.TestDriver.testBadQuery(TestDriver.java:114)
	at sun.reflect.NativeMethodAccessorImpl.invoke0(Native Method)
	at sun.reflect.NativeMethodAccessorImpl.invoke(NativeMethodAccessorImpl.java:57)
	at sun.reflect.DelegatingMethodAccessorImpl.invoke(DelegatingMethodAccessorImpl.java:43)
	at java.lang.reflect.Method.invoke(Method.java:601)
	at org.testng.internal.MethodInvocationHelper.invokeMethod(MethodInvocationHelper.java:80)
	at org.testng.internal.Invoker.invokeMethod(Invoker.java:714)
	at org.testng.internal.Invoker.invokeTestMethod(Invoker.java:901)
	at org.testng.internal.Invoker.invokeTestMethods(Invoker.java:1231)
	at org.testng.internal.TestMethodWorker.invokeTestMethods(TestMethodWorker.java:127)
	at org.testng.internal.TestMethodWorker.run(TestMethodWorker.java:111)
	at org.testng.TestRunner.privateRun(TestRunner.java:767)
	at org.testng.TestRunner.run(TestRunner.java:617)
	at org.testng.SuiteRunner.runTest(SuiteRunner.java:334)
	at org.testng.SuiteRunner.runSequentially(SuiteRunner.java:329)
	at org.testng.SuiteRunner.privateRun(SuiteRunner.java:291)
	at org.testng.SuiteRunner.run(SuiteRunner.java:240)
	at org.testng.SuiteRunnerWorker.runSuite(SuiteRunnerWorker.java:52)
	at org.testng.SuiteRunnerWorker.run(SuiteRunnerWorker.java:86)
	at org.testng.TestNG.runSuitesSequentially(TestNG.java:1198)
	at org.testng.TestNG.runSuitesLocally(TestNG.java:1123)
	at org.testng.TestNG.run(TestNG.java:1031)
	at org.apache.maven.surefire.testng.TestNGExecutor.run(TestNGExecutor.java:77)
	at org.apache.maven.surefire.testng.TestNGDirectoryTestSuite.executeMulti(TestNGDirectoryTestSuite.java:189)
	at org.apache.maven.surefire.testng.TestNGDirectoryTestSuite.execute(TestNGDirectoryTestSuite.java:105)
	at org.apache.maven.surefire.testng.TestNGProvider.invoke(TestNGProvider.java:117)
	at sun.reflect.NativeMethodAccessorImpl.invoke0(Native Method)
	at sun.reflect.NativeMethodAccessorImpl.invoke(NativeMethodAccessorImpl.java:57)
	at sun.reflect.DelegatingMethodAccessorImpl.invoke(DelegatingMethodAccessorImpl.java:43)
	at java.lang.reflect.Method.invoke(Method.java:601)
	at org.apache.maven.surefire.util.ReflectionUtils.invokeMethodWithArray2(ReflectionUtils.java:208)
	at org.apache.maven.surefire.booter.ProviderFactory$ProviderProxy.invoke(ProviderFactory.java:158)
	at org.apache.maven.surefire.booter.ProviderFactory.invokeProvider(ProviderFactory.java:86)
	at org.apache.maven.surefire.booter.ForkedBooter.runSuitesInProcess(ForkedBooter.java:153)
	at org.apache.maven.surefire.booter.ForkedBooter.main(ForkedBooter.java:95)
Caused by: com.facebook.presto.sql.analyzer.SemanticException: Schema default does not exist
	at com.facebook.presto.sql.analyzer.TupleAnalyzer.visitTable(TupleAnalyzer.java:146)
	at com.facebook.presto.sql.analyzer.TupleAnalyzer.visitTable(TupleAnalyzer.java:96)
	at com.facebook.presto.sql.tree.Table.accept(Table.java:36)
	at com.facebook.presto.sql.tree.AstVisitor.process(AstVisitor.java:22)
	at com.facebook.presto.sql.analyzer.TupleAnalyzer.analyzeFrom(TupleAnalyzer.java:704)
	at com.facebook.presto.sql.analyzer.TupleAnalyzer.visitQuerySpecification(TupleAnalyzer.java:257)
	at com.facebook.presto.sql.analyzer.TupleAnalyzer.visitQuerySpecification(TupleAnalyzer.java:96)
	at com.facebook.presto.sql.tree.QuerySpecification.accept(QuerySpecification.java:99)
	at com.facebook.presto.sql.tree.AstVisitor.process(AstVisitor.java:22)
	at com.facebook.presto.sql.analyzer.StatementAnalyzer.visitQuery(StatementAnalyzer.java:439)
	at com.facebook.presto.sql.analyzer.StatementAnalyzer.visitQuery(StatementAnalyzer.java:86)
	at com.facebook.presto.sql.tree.Query.accept(Query.java:71)
	at com.facebook.presto.sql.tree.AstVisitor.process(AstVisitor.java:22)
	at com.facebook.presto.sql.analyzer.Analyzer.analyze(Analyzer.java:50)
	at com.facebook.presto.execution.SqlQueryExecution.doAnalyzeQuery(SqlQueryExecution.java:198)
	at com.facebook.presto.execution.SqlQueryExecution.analyzeQuery(SqlQueryExecution.java:183)
	at com.facebook.presto.execution.SqlQueryExecution.start(SqlQueryExecution.java:142)
	at com.facebook.presto.execution.SqlQueryManager$QueryStarter.run(SqlQueryManager.java:388)
	at java.util.concurrent.Executors$RunnableAdapter.call(Executors.java:471)
	at java.util.concurrent.FutureTask$Sync.innerRun(FutureTask.java:334)
	at java.util.concurrent.FutureTask.run(FutureTask.java:166)
	at java.util.concurrent.ThreadPoolExecutor.runWorker(ThreadPoolExecutor.java:1110)
	at java.util.concurrent.ThreadPoolExecutor$Worker.run(ThreadPoolExecutor.java:603)
	at java.lang.Thread.run(Thread.java:722)
</pre></div></td>
<td>0</td>
<td>com.facebook.presto.jdbc.TestDriver@214c759a</td></tr>
<tr>
<td title='com.facebook.presto.jdbc.TestDriver.testConnectionResourceHandling()'><b>testConnectionResourceHandling</b><br>Test class: com.facebook.presto.jdbc.TestDriver</td>
<td></td>
<td>4</td>
<td>com.facebook.presto.jdbc.TestDriver@214c759a</td></tr>
<tr>
<td title='com.facebook.presto.jdbc.TestDriver.testDriverManager()'><b>testDriverManager</b><br>Test class: com.facebook.presto.jdbc.TestDriver</td>
<td></td>
<td>0</td>
<td>com.facebook.presto.jdbc.TestDriver@214c759a</td></tr>
<tr>
<td title='com.facebook.presto.jdbc.TestJdbcResultSet.testDuplicateColumnLabels()'><b>testDuplicateColumnLabels</b><br>Test class: com.facebook.presto.jdbc.TestJdbcResultSet</td>
<td></td>
<td>0</td>
<td>com.facebook.presto.jdbc.TestJdbcResultSet@1319e2db</td></tr>
<tr>
<td title='com.facebook.presto.jdbc.TestJdbcResultSet.testObjectTypes()'><b>testObjectTypes</b><br>Test class: com.facebook.presto.jdbc.TestJdbcResultSet</td>
<td></td>
<td>0</td>
<td>com.facebook.presto.jdbc.TestJdbcResultSet@1319e2db</td></tr>
<tr>
<td title='com.facebook.presto.jdbc.TestDriver.testUserIsRequired()'><b>testUserIsRequired</b><br>Test class: com.facebook.presto.jdbc.TestDriver</td>
<td><div><pre>java.sql.SQLException: Username property (user) must be set
	at com.facebook.presto.jdbc.PrestoDriver.connect(PrestoDriver.java:84)
	at java.sql.DriverManager.getConnection(DriverManager.java:579)
	at java.sql.DriverManager.getConnection(DriverManager.java:243)
	at com.facebook.presto.jdbc.TestDriver.testUserIsRequired(TestDriver.java:125)
	at org.apache.maven.surefire.testng.TestNGExecutor.run(TestNGExecutor.java:77)
	at org.apache.maven.surefire.testng.TestNGDirectoryTestSuite.executeMulti(TestNGDirectoryTestSuite.java:189)
	at org.apache.maven.surefire.testng.TestNGDirectoryTestSuite.execute(TestNGDirectoryTestSuite.java:105)
	at org.apache.maven.surefire.testng.TestNGProvider.invoke(TestNGProvider.java:117)
	at org.apache.maven.surefire.util.ReflectionUtils.invokeMethodWithArray2(ReflectionUtils.java:208)
	at org.apache.maven.surefire.booter.ProviderFactory$ProviderProxy.invoke(ProviderFactory.java:158)
	at org.apache.maven.surefire.booter.ProviderFactory.invokeProvider(ProviderFactory.java:86)
	at org.apache.maven.surefire.booter.ForkedBooter.runSuitesInProcess(ForkedBooter.java:153)
	at org.apache.maven.surefire.booter.ForkedBooter.main(ForkedBooter.java:95)
... Removed 25 stack frames</pre></div><a href='#' onClick='toggleBox("stack-trace510369659", this, "Click to show all stack frames", "Click to hide stack frames")'>Click to show all stack frames</a>
<div class='stack-trace' id='stack-trace510369659'><pre>java.sql.SQLException: Username property (user) must be set
	at com.facebook.presto.jdbc.PrestoDriver.connect(PrestoDriver.java:84)
	at java.sql.DriverManager.getConnection(DriverManager.java:579)
	at java.sql.DriverManager.getConnection(DriverManager.java:243)
	at com.facebook.presto.jdbc.TestDriver.testUserIsRequired(TestDriver.java:125)
	at sun.reflect.NativeMethodAccessorImpl.invoke0(Native Method)
	at sun.reflect.NativeMethodAccessorImpl.invoke(NativeMethodAccessorImpl.java:57)
	at sun.reflect.DelegatingMethodAccessorImpl.invoke(DelegatingMethodAccessorImpl.java:43)
	at java.lang.reflect.Method.invoke(Method.java:601)
	at org.testng.internal.MethodInvocationHelper.invokeMethod(MethodInvocationHelper.java:80)
	at org.testng.internal.Invoker.invokeMethod(Invoker.java:714)
	at org.testng.internal.Invoker.invokeTestMethod(Invoker.java:901)
	at org.testng.internal.Invoker.invokeTestMethods(Invoker.java:1231)
	at org.testng.internal.TestMethodWorker.invokeTestMethods(TestMethodWorker.java:127)
	at org.testng.internal.TestMethodWorker.run(TestMethodWorker.java:111)
	at org.testng.TestRunner.privateRun(TestRunner.java:767)
	at org.testng.TestRunner.run(TestRunner.java:617)
	at org.testng.SuiteRunner.runTest(SuiteRunner.java:334)
	at org.testng.SuiteRunner.runSequentially(SuiteRunner.java:329)
	at org.testng.SuiteRunner.privateRun(SuiteRunner.java:291)
	at org.testng.SuiteRunner.run(SuiteRunner.java:240)
	at org.testng.SuiteRunnerWorker.runSuite(SuiteRunnerWorker.java:52)
	at org.testng.SuiteRunnerWorker.run(SuiteRunnerWorker.java:86)
	at org.testng.TestNG.runSuitesSequentially(TestNG.java:1198)
	at org.testng.TestNG.runSuitesLocally(TestNG.java:1123)
	at org.testng.TestNG.run(TestNG.java:1031)
	at org.apache.maven.surefire.testng.TestNGExecutor.run(TestNGExecutor.java:77)
	at org.apache.maven.surefire.testng.TestNGDirectoryTestSuite.executeMulti(TestNGDirectoryTestSuite.java:189)
	at org.apache.maven.surefire.testng.TestNGDirectoryTestSuite.execute(TestNGDirectoryTestSuite.java:105)
	at org.apache.maven.surefire.testng.TestNGProvider.invoke(TestNGProvider.java:117)
	at sun.reflect.NativeMethodAccessorImpl.invoke0(Native Method)
	at sun.reflect.NativeMethodAccessorImpl.invoke(NativeMethodAccessorImpl.java:57)
	at sun.reflect.DelegatingMethodAccessorImpl.invoke(DelegatingMethodAccessorImpl.java:43)
	at java.lang.reflect.Method.invoke(Method.java:601)
	at org.apache.maven.surefire.util.ReflectionUtils.invokeMethodWithArray2(ReflectionUtils.java:208)
	at org.apache.maven.surefire.booter.ProviderFactory$ProviderProxy.invoke(ProviderFactory.java:158)
	at org.apache.maven.surefire.booter.ProviderFactory.invokeProvider(ProviderFactory.java:86)
	at org.apache.maven.surefire.booter.ForkedBooter.runSuitesInProcess(ForkedBooter.java:153)
	at org.apache.maven.surefire.booter.ForkedBooter.main(ForkedBooter.java:95)
</pre></div></td>
<td>0</td>
<td>com.facebook.presto.jdbc.TestDriver@214c759a</td></tr>
</table><p>
</body>
</html>